Epoch 2/15
Epoch: [2]  [ 0/40]  eta: 0:28:51  lr: 0.0001  img/s: 2.9608494600737183  loss: 0.3403 (0.3403)  acc1: 92.1875 (92.1875)  acc5: 99.2188 (99.2188)  time: 43.2979  data: 0.0671
Epoch: [2]  [ 1/40]  eta: 0:28:51  lr: 0.0001  img/s: 2.8148999505239716  loss: 0.2446 (0.2925)  acc1: 92.1875 (93.3594)  acc5: 99.2188 (99.6094)  time: 44.3959  data: 0.0443
Epoch: [2]  [ 2/40]  eta: 0:28:11  lr: 0.0001  img/s: 2.8633386063965287  loss: 0.2446 (0.2553)  acc1: 94.5312 (94.0104)  acc5: 100.0000 (99.7396)  time: 44.5053  data: 0.0366
Epoch: [2]  [ 3/40]  eta: 0:27:41  lr: 0.0001  img/s: 2.7805427656663824  loss: 0.2236 (0.2474)  acc1: 92.1875 (93.5547)  acc5: 99.2188 (99.6094)  time: 44.8929  data: 0.0328
Epoch: [2]  [ 4/40]  eta: 0:27:08  lr: 0.0001  img/s: 2.745442972305903  loss: 0.2236 (0.2413)  acc1: 93.7500 (93.5938)  acc5: 100.0000 (99.6875)  time: 45.2431  data: 0.0305
Epoch: [2]  [ 5/40]  eta: 0:26:31  lr: 0.0001  img/s: 2.7476045964035074  loss: 0.2236 (0.2418)  acc1: 93.7500 (93.8802)  acc5: 100.0000 (99.7396)  time: 45.4704  data: 0.0289
Epoch: [2]  [ 6/40]  eta: 0:25:49  lr: 0.0001  img/s: 2.770179742446321  loss: 0.2236 (0.2388)  acc1: 93.7500 (93.8616)  acc5: 100.0000 (99.7768)  time: 45.5786  data: 0.0278
Epoch: [2]  [ 7/40]  eta: 0:25:01  lr: 0.0001  img/s: 2.8468878573924723  loss: 0.2214 (0.2363)  acc1: 93.7500 (93.7500)  acc5: 100.0000 (99.8047)  time: 45.5041  data: 0.0269
Epoch: [2]  [ 8/40]  eta: 0:24:15  lr: 0.0001  img/s: 2.821457073382759  loss: 0.2214 (0.2226)  acc1: 93.7500 (94.0104)  acc5: 100.0000 (99.8264)  time: 45.4921  data: 0.0273
Epoch: [2]  [ 9/40]  eta: 0:23:29  lr: 0.0001  img/s: 2.838351311439843  loss: 0.2214 (0.2347)  acc1: 93.7500 (93.3594)  acc5: 100.0000 (99.6094)  time: 45.4547  data: 0.0267
Epoch: [2]  [10/40]  eta: 0:22:42  lr: 0.0001  img/s: 2.832259378999105  loss: 0.2214 (0.2222)  acc1: 93.7500 (93.6790)  acc5: 100.0000 (99.6449)  time: 45.4329  data: 0.0262
Epoch: [2]  [11/40]  eta: 0:21:57  lr: 0.0001  img/s: 2.8312138404107268  loss: 0.2188 (0.2127)  acc1: 93.7500 (93.9453)  acc5: 100.0000 (99.6745)  time: 45.4165  data: 0.0261
Epoch: [2]  [12/40]  eta: 0:21:11  lr: 0.0001  img/s: 2.8277392197767366  loss: 0.2214 (0.2189)  acc1: 93.7500 (93.8101)  acc5: 100.0000 (99.6995)  time: 45.4065  data: 0.0257
Epoch: [2]  [13/40]  eta: 0:20:24  lr: 0.0001  img/s: 2.8602201741933833  loss: 0.2214 (0.2217)  acc1: 93.7500 (93.8058)  acc5: 100.0000 (99.6652)  time: 45.3613  data: 0.0254
Epoch: [2]  [14/40]  eta: 0:19:39  lr: 0.0001  img/s: 2.8144307082695996  loss: 0.2214 (0.2208)  acc1: 93.7500 (93.8542)  acc5: 100.0000 (99.6354)  time: 45.3706  data: 0.0251
Epoch: [2]  [15/40]  eta: 0:18:54  lr: 0.0001  img/s: 2.826571200426802  loss: 0.2188 (0.2189)  acc1: 93.7500 (93.9453)  acc5: 100.0000 (99.6582)  time: 45.3665  data: 0.0249
Epoch: [2]  [16/40]  eta: 0:18:08  lr: 0.0001  img/s: 2.820018160661289  loss: 0.2188 (0.2143)  acc1: 94.5312 (94.1176)  acc5: 100.0000 (99.6783)  time: 45.3691  data: 0.0246
Epoch: [2]  [17/40]  eta: 0:17:23  lr: 0.0001  img/s: 2.8172836666767878  loss: 0.2171 (0.2079)  acc1: 94.5312 (94.2708)  acc5: 100.0000 (99.6962)  time: 45.3739  data: 0.0244
Epoch: [2]  [18/40]  eta: 0:16:39  lr: 0.0001  img/s: 2.7517274701369883  loss: 0.2171 (0.2066)  acc1: 94.5312 (94.3668)  acc5: 100.0000 (99.7122)  time: 45.4351  data: 0.0242
Epoch: [2]  [19/40]  eta: 0:15:54  lr: 0.0001  img/s: 2.795248526052602  loss: 0.2091 (0.2000)  acc1: 94.5312 (94.5703)  acc5: 100.0000 (99.7266)  time: 45.4546  data: 0.0247
Epoch: [2]  [20/40]  eta: 0:15:08  lr: 0.0001  img/s: 2.851497798101116  loss: 0.1896 (0.1987)  acc1: 95.3125 (94.6429)  acc5: 100.0000 (99.7024)  time: 45.5352  data: 0.0224
Epoch: [2]  [21/40]  eta: 0:14:23  lr: 0.0001  img/s: 2.795350084890775  loss: 0.1896 (0.2003)  acc1: 95.3125 (94.6378)  acc5: 100.0000 (99.7159)  time: 45.5511  data: 0.0224
Epoch: [2]  [22/40]  eta: 0:13:38  lr: 0.0001  img/s: 2.8035276126400044  loss: 0.2091 (0.2022)  acc1: 94.5312 (94.5992)  acc5: 100.0000 (99.7283)  time: 45.5988  data: 0.0224
Epoch: [2]  [23/40]  eta: 0:12:54  lr: 0.0001  img/s: 2.6974140903182757  loss: 0.1896 (0.1962)  acc1: 95.3125 (94.7917)  acc5: 100.0000 (99.7396)  time: 45.6697  data: 0.0224
Epoch: [2]  [24/40]  eta: 0:12:09  lr: 0.0001  img/s: 2.7353280408432026  loss: 0.1819 (0.1951)  acc1: 95.3125 (94.7812)  acc5: 100.0000 (99.7500)  time: 45.6783  data: 0.0224
Epoch: [2]  [25/40]  eta: 0:11:24  lr: 0.0001  img/s: 2.7893089187293283  loss: 0.1732 (0.1921)  acc1: 95.3125 (94.8918)  acc5: 100.0000 (99.7596)  time: 45.6435  data: 0.0224
Epoch: [2]  [26/40]  eta: 0:10:38  lr: 0.0001  img/s: 2.7450345085741086  loss: 0.1699 (0.1901)  acc1: 95.3125 (94.8785)  acc5: 100.0000 (99.7396)  time: 45.6647  data: 0.0224
Epoch: [2]  [27/40]  eta: 0:09:53  lr: 0.0001  img/s: 2.72339741685684  loss: 0.1699 (0.1897)  acc1: 95.3125 (94.8661)  acc5: 100.0000 (99.7489)  time: 45.7666  data: 0.0224
Epoch: [2]  [28/40]  eta: 0:09:08  lr: 0.0001  img/s: 2.809593702417909  loss: 0.1716 (0.1891)  acc1: 94.5312 (94.8276)  acc5: 100.0000 (99.7306)  time: 45.7758  data: 0.0220
Epoch: [2]  [29/40]  eta: 0:08:22  lr: 0.0001  img/s: 2.8507030913480067  loss: 0.1716 (0.1911)  acc1: 94.5312 (94.7135)  acc5: 100.0000 (99.7135)  time: 45.7660  data: 0.0220
Epoch: [2]  [30/40]  eta: 0:07:36  lr: 0.0001  img/s: 2.8470878069831005  loss: 0.1716 (0.1868)  acc1: 94.5312 (94.8589)  acc5: 100.0000 (99.7228)  time: 45.7542  data: 0.0220
Epoch: [2]  [31/40]  eta: 0:06:50  lr: 0.0001  img/s: 2.8540187542741497  loss: 0.1732 (0.1914)  acc1: 94.5312 (94.7510)  acc5: 100.0000 (99.7070)  time: 45.7359  data: 0.0217
Epoch: [2]  [32/40]  eta: 0:06:04  lr: 0.0001  img/s: 2.8599311378206607  loss: 0.1716 (0.1896)  acc1: 94.5312 (94.8153)  acc5: 100.0000 (99.7159)  time: 45.7105  data: 0.0218
Epoch: [2]  [33/40]  eta: 0:05:18  lr: 0.0001  img/s: 2.85133489004436  loss: 0.1716 (0.1944)  acc1: 94.5312 (94.7610)  acc5: 100.0000 (99.7013)  time: 45.7175  data: 0.0218
Epoch: [2]  [34/40]  eta: 0:04:33  lr: 0.0001  img/s: 2.8462137252169306  loss: 0.1699 (0.1909)  acc1: 95.3125 (94.8438)  acc5: 100.0000 (99.7098)  time: 45.6921  data: 0.0218
Epoch: [2]  [35/40]  eta: 0:03:47  lr: 0.0001  img/s: 2.8813007436144416  loss: 0.1699 (0.1918)  acc1: 94.5312 (94.8134)  acc5: 100.0000 (99.7179)  time: 45.6498  data: 0.0225
Epoch: [2]  [36/40]  eta: 0:03:02  lr: 0.0001  img/s: 2.581635069761396  loss: 0.1699 (0.1892)  acc1: 94.5312 (94.9113)  acc5: 100.0000 (99.7255)  time: 45.8593  data: 0.0225
Epoch: [2]  [37/40]  eta: 0:02:16  lr: 0.0001  img/s: 2.859491615882774  loss: 0.1699 (0.1877)  acc1: 94.5312 (94.9219)  acc5: 100.0000 (99.7327)  time: 45.8260  data: 0.0227
Epoch: [2]  [38/40]  eta: 0:01:31  lr: 0.0001  img/s: 2.8323991194364813  loss: 0.1691 (0.1872)  acc1: 94.5312 (94.9119)  acc5: 100.0000 (99.7396)  time: 45.7598  data: 0.0227
Epoch: [2]  [39/40]  eta: 0:00:44  lr: 0.0001  img/s: 3.23482467493342  loss: 0.1699 (0.1932)  acc1: 94.5312 (94.9000)  acc5: 100.0000 (99.7400)  time: 43.5923  data: 0.0211
Epoch: [2] Total time: 0:29:40

Epoch 3/15
Epoch: [3]  [ 0/40]  eta: 0:29:41  lr: 0.0001  img/s: 2.878492948106378  loss: 0.1818 (0.1818)  acc1: 92.1875 (92.1875)  acc5: 100.0000 (100.0000)  time: 44.5340  data: 0.0662
Epoch: [3]  [ 1/40]  eta: 0:29:20  lr: 0.0001  img/s: 2.799503281035007  loss: 0.1600 (0.1709)  acc1: 92.1875 (93.7500)  acc5: 100.0000 (100.0000)  time: 45.1389  data: 0.0438
Epoch: [3]  [ 2/40]  eta: 0:28:43  lr: 0.0001  img/s: 2.7961661999991416  loss: 0.1600 (0.1601)  acc1: 94.5312 (94.0104)  acc5: 100.0000 (100.0000)  time: 45.3590  data: 0.0367
Epoch: [3]  [ 3/40]  eta: 0:28:45  lr: 0.0001  img/s: 2.5376503658803293  loss: 0.1384 (0.1533)  acc1: 94.5312 (94.9219)  acc5: 100.0000 (99.8047)  time: 46.6347  data: 0.0328
Epoch: [3]  [ 4/40]  eta: 0:28:23  lr: 0.0001  img/s: 2.5593578759479483  loss: 0.1600 (0.1586)  acc1: 95.3125 (95.0000)  acc5: 100.0000 (99.8438)  time: 47.3145  data: 0.0305
Epoch: [3]  [ 5/40]  eta: 0:27:29  lr: 0.0001  img/s: 2.768827542750056  loss: 0.1600 (0.1680)  acc1: 95.3125 (95.1823)  acc5: 100.0000 (99.8698)  time: 47.1372  data: 0.0290
Epoch: [3]  [ 6/40]  eta: 0:27:02  lr: 0.0001  img/s: 2.497797011169284  loss: 0.1600 (0.1652)  acc1: 95.3125 (95.3125)  acc5: 100.0000 (99.8884)  time: 47.7271  data: 0.0280
Epoch: [3]  [ 7/40]  eta: 0:26:19  lr: 0.0001  img/s: 2.6210182950496086  loss: 0.1485 (0.1579)  acc1: 95.3125 (95.6055)  acc5: 100.0000 (99.9023)  time: 47.8685  data: 0.0272
Epoch: [3]  [ 8/40]  eta: 0:25:42  lr: 0.0001  img/s: 2.518261915436658  loss: 0.1485 (0.1519)  acc1: 96.0938 (95.8333)  acc5: 100.0000 (99.9132)  time: 48.1998  data: 0.0266
Epoch: [3]  [ 9/40]  eta: 0:25:01  lr: 0.0001  img/s: 2.528593217784476  loss: 0.1485 (0.1642)  acc1: 95.3125 (95.6250)  acc5: 100.0000 (99.8438)  time: 48.4441  data: 0.0261
Epoch: [3]  [10/40]  eta: 0:24:16  lr: 0.0001  img/s: 2.5843741811623344  loss: 0.1485 (0.1607)  acc1: 96.0938 (95.7386)  acc5: 100.0000 (99.8580)  time: 48.5450  data: 0.0260
Epoch: [3]  [11/40]  eta: 0:23:34  lr: 0.0001  img/s: 2.4955469203022203  loss: 0.1384 (0.1573)  acc1: 96.0938 (95.8984)  acc5: 100.0000 (99.8698)  time: 48.7757  data: 0.0257
Epoch: [3]  [12/40]  eta: 0:22:39  lr: 0.0001  img/s: 2.7869825879734007  loss: 0.1384 (0.1553)  acc1: 96.0938 (95.8534)  acc5: 100.0000 (99.8798)  time: 48.5583  data: 0.0254
Epoch: [3]  [13/40]  eta: 0:21:44  lr: 0.0001  img/s: 2.826829806979669  loss: 0.1384 (0.1597)  acc1: 95.3125 (95.8147)  acc5: 100.0000 (99.8884)  time: 48.3257  data: 0.0251
Epoch: [3]  [14/40]  eta: 0:20:52  lr: 0.0001  img/s: 2.7712328054438116  loss: 0.1485 (0.1631)  acc1: 95.3125 (95.7292)  acc5: 100.0000 (99.8438)  time: 48.1846  data: 0.0248
Epoch: [3]  [15/40]  eta: 0:19:59  lr: 0.0001  img/s: 2.8406797066661773  loss: 0.1485 (0.1627)  acc1: 95.3125 (95.7520)  acc5: 100.0000 (99.8535)  time: 47.9906  data: 0.0246
Epoch: [3]  [16/40]  eta: 0:19:09  lr: 0.0001  img/s: 2.7800015128501543  loss: 0.1563 (0.1671)  acc1: 95.3125 (95.6342)  acc5: 100.0000 (99.8621)  time: 47.8773  data: 0.0244
Epoch: [3]  [17/40]  eta: 0:18:17  lr: 0.0001  img/s: 2.8421010442574155  loss: 0.1485 (0.1637)  acc1: 95.3125 (95.7465)  acc5: 100.0000 (99.8698)  time: 47.7207  data: 0.0243
Epoch: [3]  [18/40]  eta: 0:17:26  lr: 0.0001  img/s: 2.856187057670015  loss: 0.1563 (0.1679)  acc1: 95.3125 (95.6414)  acc5: 100.0000 (99.8766)  time: 47.5690  data: 0.0241
Epoch: [3]  [19/40]  eta: 0:16:36  lr: 0.0001  img/s: 2.8502902494893516  loss: 0.1485 (0.1644)  acc1: 95.3125 (95.7422)  acc5: 100.0000 (99.8828)  time: 47.4370  data: 0.0240
Epoch: [3]  [20/40]  eta: 0:15:45  lr: 0.0001  img/s: 2.9076235428795703  loss: 0.1384 (0.1603)  acc1: 96.0938 (95.8705)  acc5: 100.0000 (99.8512)  time: 47.4124  data: 0.0217
Epoch: [3]  [21/40]  eta: 0:14:55  lr: 0.0001  img/s: 2.899099655775228  loss: 0.1331 (0.1588)  acc1: 96.0938 (95.8807)  acc5: 100.0000 (99.8580)  time: 47.3339  data: 0.0217
Epoch: [3]  [22/40]  eta: 0:14:06  lr: 0.0001  img/s: 2.8860276777040155  loss: 0.1331 (0.1619)  acc1: 96.0938 (95.7541)  acc5: 100.0000 (99.8641)  time: 47.2625  data: 0.0216
Epoch: [3]  [23/40]  eta: 0:13:18  lr: 0.0001  img/s: 2.828722366168734  loss: 0.1315 (0.1590)  acc1: 96.0938 (95.8659)  acc5: 100.0000 (99.8698)  time: 47.0030  data: 0.0216
Epoch: [3]  [24/40]  eta: 0:12:29  lr: 0.0001  img/s: 2.847192065474095  loss: 0.1280 (0.1577)  acc1: 96.0938 (95.9062)  acc5: 100.0000 (99.8750)  time: 46.7502  data: 0.0216
Epoch: [3]  [25/40]  eta: 0:11:41  lr: 0.0001  img/s: 2.883799487974044  loss: 0.1280 (0.1570)  acc1: 96.0938 (95.9435)  acc5: 100.0000 (99.8798)  time: 46.6580  data: 0.0216
Epoch: [3]  [26/40]  eta: 0:10:53  lr: 0.0001  img/s: 2.865304774202231  loss: 0.1280 (0.1574)  acc1: 96.0938 (95.9201)  acc5: 100.0000 (99.8843)  time: 46.3293  data: 0.0215
Epoch: [3]  [27/40]  eta: 0:10:06  lr: 0.0001  img/s: 2.8623891849078733  loss: 0.1315 (0.1569)  acc1: 96.0938 (95.9542)  acc5: 100.0000 (99.8884)  time: 46.1234  data: 0.0215
Epoch: [3]  [28/40]  eta: 0:09:19  lr: 0.0001  img/s: 2.7306295699484187  loss: 0.1315 (0.1553)  acc1: 96.0938 (95.9591)  acc5: 100.0000 (99.8922)  time: 45.9257  data: 0.0215
Epoch: [3]  [29/40]  eta: 0:08:32  lr: 0.0001  img/s: 2.8147091299772296  loss: 0.1315 (0.1584)  acc1: 96.0938 (95.8594)  acc5: 100.0000 (99.8698)  time: 45.6685  data: 0.0215
Epoch: [3]  [30/40]  eta: 0:07:45  lr: 0.0001  img/s: 2.7849003227630034  loss: 0.1315 (0.1565)  acc1: 96.0938 (95.8921)  acc5: 100.0000 (99.8740)  time: 45.4899  data: 0.0213
Epoch: [3]  [31/40]  eta: 0:06:58  lr: 0.0001  img/s: 2.8779607808164993  loss: 0.1387 (0.1598)  acc1: 96.0938 (95.8252)  acc5: 100.0000 (99.8535)  time: 45.1491  data: 0.0212
Epoch: [3]  [32/40]  eta: 0:06:11  lr: 0.0001  img/s: 2.8544571112738937  loss: 0.1387 (0.1571)  acc1: 96.0938 (95.9044)  acc5: 100.0000 (99.8580)  time: 45.0948  data: 0.0212
Epoch: [3]  [33/40]  eta: 0:05:25  lr: 0.0001  img/s: 2.792953574315113  loss: 0.1387 (0.1614)  acc1: 96.0938 (95.8410)  acc5: 100.0000 (99.8621)  time: 45.1222  data: 0.0212
Epoch: [3]  [34/40]  eta: 0:04:38  lr: 0.0001  img/s: 2.81372968195239  loss: 0.1280 (0.1602)  acc1: 96.0938 (95.8929)  acc5: 100.0000 (99.8661)  time: 45.0873  data: 0.0212
Epoch: [3]  [35/40]  eta: 0:03:51  lr: 0.0001  img/s: 2.828722902722636  loss: 0.1280 (0.1617)  acc1: 96.0938 (95.8984)  acc5: 100.0000 (99.8698)  time: 45.0970  data: 0.0213
Epoch: [3]  [36/40]  eta: 0:03:05  lr: 0.0001  img/s: 2.8071525646892743  loss: 0.1257 (0.1607)  acc1: 96.0938 (95.9037)  acc5: 100.0000 (99.8733)  time: 45.0747  data: 0.0213
Epoch: [3]  [37/40]  eta: 0:02:18  lr: 0.0001  img/s: 2.897950352565368  loss: 0.1257 (0.1590)  acc1: 96.0938 (95.9293)  acc5: 100.0000 (99.8766)  time: 45.0314  data: 0.0214
Epoch: [3]  [38/40]  eta: 0:01:32  lr: 0.0001  img/s: 2.8660646953415294  loss: 0.1257 (0.1594)  acc1: 96.0938 (95.9335)  acc5: 100.0000 (99.8798)  time: 45.0236  data: 0.0213
Epoch: [3]  [39/40]  eta: 0:00:45  lr: 0.0001  img/s: 3.221704139914292  loss: 0.1280 (0.1665)  acc1: 96.0938 (95.9200)  acc5: 100.0000 (99.8800)  time: 42.9015  data: 0.0205
Epoch: [3] Total time: 0:30:06

Epoch 4/15
Epoch: [4]  [ 0/40]  eta: 0:29:06  lr: 0.0001  img/s: 2.9332588503465318  loss: 0.1356 (0.1356)  acc1: 93.7500 (93.7500)  acc5: 100.0000 (100.0000)  time: 43.6602  data: 0.0227
Epoch: [4]  [ 1/40]  eta: 0:28:34  lr: 0.0001  img/s: 2.8920512397326212  loss: 0.1356 (0.1652)  acc1: 93.7500 (93.7500)  acc5: 100.0000 (100.0000)  time: 43.9700  data: 0.0217
Epoch: [4]  [ 2/40]  eta: 0:27:59  lr: 0.0001  img/s: 2.8674970363942105  loss: 0.1356 (0.1473)  acc1: 93.7500 (94.5312)  acc5: 100.0000 (100.0000)  time: 44.1998  data: 0.0215
Epoch: [4]  [ 3/40]  eta: 0:27:24  lr: 0.0001  img/s: 2.836498196419857  loss: 0.1114 (0.1335)  acc1: 93.7500 (95.5078)  acc5: 100.0000 (100.0000)  time: 44.4414  data: 0.0261
Epoch: [4]  [ 4/40]  eta: 0:26:43  lr: 0.0001  img/s: 2.8515346620958413  loss: 0.1356 (0.1347)  acc1: 96.0938 (95.7812)  acc5: 100.0000 (100.0000)  time: 44.5349  data: 0.0251
Epoch: [4]  [ 5/40]  eta: 0:26:07  lr: 0.0001  img/s: 2.7804822544503565  loss: 0.1285 (0.1337)  acc1: 95.3125 (95.7031)  acc5: 100.0000 (100.0000)  time: 44.7884  data: 0.0244
Epoch: [4]  [ 6/40]  eta: 0:25:27  lr: 0.0001  img/s: 2.7966031344092577  loss: 0.1356 (0.1358)  acc1: 95.3125 (95.5357)  acc5: 100.0000 (100.0000)  time: 44.9317  data: 0.0239
Epoch: [4]  [ 7/40]  eta: 0:24:46  lr: 0.0001  img/s: 2.799517178359295  loss: 0.1285 (0.1252)  acc1: 95.3125 (95.9961)  acc5: 100.0000 (100.0000)  time: 45.0331  data: 0.0235
Epoch: [4]  [ 8/40]  eta: 0:24:02  lr: 0.0001  img/s: 2.822928239884228  loss: 0.1285 (0.1234)  acc1: 96.0938 (96.1806)  acc5: 100.0000 (100.0000)  time: 45.0699  data: 0.0233
Epoch: [4]  [ 9/40]  eta: 0:23:18  lr: 0.0001  img/s: 2.8128290501294093  loss: 0.1285 (0.1327)  acc1: 95.3125 (96.0938)  acc5: 100.0000 (99.9219)  time: 45.1157  data: 0.0232
Epoch: [4]  [10/40]  eta: 0:22:35  lr: 0.0001  img/s: 2.7958328740841805  loss: 0.1356 (0.1333)  acc1: 96.0938 (96.0938)  acc5: 100.0000 (99.9290)  time: 45.1782  data: 0.0230
Epoch: [4]  [11/40]  eta: 0:21:56  lr: 0.0001  img/s: 2.681491384167099  loss: 0.1285 (0.1304)  acc1: 96.0938 (96.2891)  acc5: 100.0000 (99.9349)  time: 45.3937  data: 0.0235
Epoch: [4]  [12/40]  eta: 0:21:09  lr: 0.0001  img/s: 2.8700685291781527  loss: 0.1285 (0.1280)  acc1: 96.0938 (96.2740)  acc5: 100.0000 (99.9399)  time: 45.3341  data: 0.0233
Epoch: [4]  [13/40]  eta: 0:20:23  lr: 0.0001  img/s: 2.8488608171186702  loss: 0.1285 (0.1295)  acc1: 96.0938 (96.3170)  acc5: 100.0000 (99.8884)  time: 45.3068  data: 0.0231
Epoch: [4]  [14/40]  eta: 0:19:41  lr: 0.0001  img/s: 2.702824092208177  loss: 0.1356 (0.1344)  acc1: 96.0938 (96.1979)  acc5: 100.0000 (99.8438)  time: 45.4449  data: 0.0230
Epoch: [4]  [15/40]  eta: 0:18:57  lr: 0.0001  img/s: 2.751487413530887  loss: 0.1285 (0.1335)  acc1: 96.0938 (96.2891)  acc5: 100.0000 (99.8535)  time: 45.5134  data: 0.0229
Epoch: [4]  [16/40]  eta: 0:18:12  lr: 0.0001  img/s: 2.814733877632081  loss: 0.1356 (0.1339)  acc1: 96.0938 (96.3235)  acc5: 100.0000 (99.8621)  time: 45.5124  data: 0.0228
Epoch: [4]  [17/40]  eta: 0:17:28  lr: 0.0001  img/s: 2.730165230985052  loss: 0.1356 (0.1363)  acc1: 96.0938 (96.1806)  acc5: 100.0000 (99.8698)  time: 45.5898  data: 0.0227
Epoch: [4]  [18/40]  eta: 0:16:43  lr: 0.0001  img/s: 2.7835395045993523  loss: 0.1393 (0.1387)  acc1: 96.0938 (96.1349)  acc5: 100.0000 (99.8766)  time: 45.6121  data: 0.0230
Epoch: [4]  [19/40]  eta: 0:15:57  lr: 0.0001  img/s: 2.805090171188583  loss: 0.1356 (0.1366)  acc1: 96.0938 (96.2500)  acc5: 100.0000 (99.8828)  time: 45.6141  data: 0.0229
Epoch: [4]  [20/40]  eta: 0:15:11  lr: 0.0001  img/s: 2.8313763089226027  loss: 0.1393 (0.1377)  acc1: 96.0938 (96.2426)  acc5: 100.0000 (99.8884)  time: 45.6925  data: 0.0228
Epoch: [4]  [21/40]  eta: 0:14:26  lr: 0.0001  img/s: 2.7860274703907306  loss: 0.1285 (0.1339)  acc1: 96.0938 (96.3423)  acc5: 100.0000 (99.8935)  time: 45.7767  data: 0.0228
Epoch: [4]  [22/40]  eta: 0:13:41  lr: 0.0001  img/s: 2.785138457543275  loss: 0.1362 (0.1340)  acc1: 96.0938 (96.3315)  acc5: 100.0000 (99.8981)  time: 45.8428  data: 0.0229
Epoch: [4]  [23/40]  eta: 0:12:56  lr: 0.0001  img/s: 2.7746234805329046  loss: 0.1362 (0.1327)  acc1: 96.0938 (96.3867)  acc5: 100.0000 (99.9023)  time: 45.8921  data: 0.0219
Epoch: [4]  [24/40]  eta: 0:12:10  lr: 0.0001  img/s: 2.794487200836253  loss: 0.1362 (0.1339)  acc1: 96.0938 (96.3750)  acc5: 100.0000 (99.8750)  time: 45.9380  data: 0.0219
Epoch: [4]  [25/40]  eta: 0:11:24  lr: 0.0001  img/s: 2.83899882921573  loss: 0.1362 (0.1336)  acc1: 96.0938 (96.3642)  acc5: 100.0000 (99.8798)  time: 45.8905  data: 0.0219
Epoch: [4]  [26/40]  eta: 0:10:38  lr: 0.0001  img/s: 2.839861183830625  loss: 0.1263 (0.1317)  acc1: 96.0938 (96.4120)  acc5: 100.0000 (99.8843)  time: 45.8557  data: 0.0219
Epoch: [4]  [27/40]  eta: 0:09:52  lr: 0.0001  img/s: 2.8342433345202886  loss: 0.1362 (0.1325)  acc1: 96.0938 (96.3728)  acc5: 100.0000 (99.8884)  time: 45.8277  data: 0.0219
Epoch: [4]  [28/40]  eta: 0:09:06  lr: 0.0001  img/s: 2.8575624655137153  loss: 0.1362 (0.1317)  acc1: 96.0938 (96.4440)  acc5: 100.0000 (99.8922)  time: 45.8002  data: 0.0219
Epoch: [4]  [29/40]  eta: 0:08:21  lr: 0.0001  img/s: 2.785707065521694  loss: 0.1362 (0.1342)  acc1: 96.0938 (96.3542)  acc5: 100.0000 (99.8698)  time: 45.8222  data: 0.0218
Epoch: [4]  [30/40]  eta: 0:07:35  lr: 0.0001  img/s: 2.8064514913234784  loss: 0.1289 (0.1340)  acc1: 96.0938 (96.3458)  acc5: 100.0000 (99.8740)  time: 45.8136  data: 0.0218
Epoch: [4]  [31/40]  eta: 0:06:50  lr: 0.0001  img/s: 2.8095987309827053  loss: 0.1362 (0.1354)  acc1: 96.0938 (96.3623)  acc5: 100.0000 (99.8291)  time: 45.7043  data: 0.0214
Epoch: [4]  [32/40]  eta: 0:06:04  lr: 0.0001  img/s: 2.8433916086125315  loss: 0.1362 (0.1339)  acc1: 96.0938 (96.3778)  acc5: 100.0000 (99.8343)  time: 45.7253  data: 0.0215
Epoch: [4]  [33/40]  eta: 0:05:19  lr: 0.0001  img/s: 2.7867977467958083  loss: 0.1362 (0.1346)  acc1: 96.0938 (96.3465)  acc5: 100.0000 (99.8392)  time: 45.7753  data: 0.0215
Epoch: [4]  [34/40]  eta: 0:04:33  lr: 0.0001  img/s: 2.8325500522066362  loss: 0.1289 (0.1333)  acc1: 96.0938 (96.3839)  acc5: 100.0000 (99.8438)  time: 45.6669  data: 0.0215
Epoch: [4]  [35/40]  eta: 0:03:47  lr: 0.0001  img/s: 2.844722038324684  loss: 0.1362 (0.1337)  acc1: 96.0938 (96.3976)  acc5: 100.0000 (99.8481)  time: 45.5906  data: 0.0215
Epoch: [4]  [36/40]  eta: 0:03:02  lr: 0.0001  img/s: 2.879295073478561  loss: 0.1289 (0.1316)  acc1: 96.0938 (96.4316)  acc5: 100.0000 (99.8522)  time: 45.5396  data: 0.0214
Epoch: [4]  [37/40]  eta: 0:02:16  lr: 0.0001  img/s: 2.877891265490215  loss: 0.1263 (0.1300)  acc1: 96.8750 (96.4638)  acc5: 100.0000 (99.8561)  time: 45.4194  data: 0.0215
Epoch: [4]  [38/40]  eta: 0:01:30  lr: 0.0001  img/s: 2.8414410272743207  loss: 0.1090 (0.1288)  acc1: 96.8750 (96.4944)  acc5: 100.0000 (99.8598)  time: 45.3721  data: 0.0211
Epoch: [4]  [39/40]  eta: 0:00:44  lr: 0.0001  img/s: 3.198771833858193  loss: 0.1263 (0.1350)  acc1: 96.8750 (96.4800)  acc5: 100.0000 (99.8600)  time: 43.2147  data: 0.0202
Epoch: [4] Total time: 0:29:36

Epoch 5/15
Epoch: [5]  [ 0/40]  eta: 0:24:29  lr: 0.0001  img/s: 3.48532901779178  loss: 0.1968 (0.1968)  acc1: 94.5312 (94.5312)  acc5: 100.0000 (100.0000)  time: 36.7465  data: 0.0212
Epoch: [5]  [ 1/40]  eta: 0:23:50  lr: 0.0001  img/s: 3.499284755415031  loss: 0.1713 (0.1840)  acc1: 94.5312 (94.9219)  acc5: 100.0000 (100.0000)  time: 36.6733  data: 0.0212
Epoch: [5]  [ 2/40]  eta: 0:23:13  lr: 0.0001  img/s: 3.4964498658251775  loss: 0.1713 (0.1512)  acc1: 95.3125 (95.8333)  acc5: 100.0000 (100.0000)  time: 36.6588  data: 0.0212
Epoch: [5]  [ 3/40]  eta: 0:22:33  lr: 0.0001  img/s: 3.522537796552454  loss: 0.0994 (0.1383)  acc1: 95.3125 (96.0938)  acc5: 100.0000 (100.0000)  time: 36.5838  data: 0.0212
Epoch: [5]  [ 4/40]  eta: 0:22:07  lr: 0.0001  img/s: 3.3689234629542635  loss: 0.1197 (0.1345)  acc1: 96.8750 (96.2500)  acc5: 100.0000 (100.0000)  time: 36.8701  data: 0.0212
Epoch: [5]  [ 5/40]  eta: 0:21:32  lr: 0.0001  img/s: 3.4472621476632077  loss: 0.1197 (0.1395)  acc1: 96.0938 (96.2240)  acc5: 100.0000 (100.0000)  time: 36.9172  data: 0.0212
Epoch: [5]  [ 6/40]  eta: 0:20:54  lr: 0.0001  img/s: 3.476564895772131  loss: 0.1197 (0.1342)  acc1: 96.8750 (96.4286)  acc5: 100.0000 (100.0000)  time: 36.9060  data: 0.0212
Epoch: [5]  [ 7/40]  eta: 0:20:15  lr: 0.0001  img/s: 3.5235136100117153  loss: 0.1028 (0.1271)  acc1: 96.8750 (96.6797)  acc5: 100.0000 (100.0000)  time: 36.8363  data: 0.0212
Epoch: [5]  [ 8/40]  eta: 0:19:37  lr: 0.0001  img/s: 3.5003260943289303  loss: 0.1028 (0.1233)  acc1: 96.8750 (96.8750)  acc5: 100.0000 (100.0000)  time: 36.8089  data: 0.0212
Epoch: [5]  [ 9/40]  eta: 0:18:59  lr: 0.0001  img/s: 3.533757672270048  loss: 0.1028 (0.1343)  acc1: 96.8750 (96.5625)  acc5: 100.0000 (100.0000)  time: 36.7523  data: 0.0212
Epoch: [5]  [10/40]  eta: 0:18:21  lr: 0.0001  img/s: 3.5257877339637793  loss: 0.1028 (0.1269)  acc1: 96.8750 (96.8040)  acc5: 100.0000 (100.0000)  time: 36.7135  data: 0.0212
Epoch: [5]  [11/40]  eta: 0:17:43  lr: 0.0001  img/s: 3.538225893040681  loss: 0.0994 (0.1236)  acc1: 96.8750 (96.8750)  acc5: 100.0000 (100.0000)  time: 36.6705  data: 0.0212
Epoch: [5]  [12/40]  eta: 0:17:06  lr: 0.0001  img/s: 3.5252851595740893  loss: 0.0994 (0.1180)  acc1: 97.6562 (97.0553)  acc5: 100.0000 (100.0000)  time: 36.6444  data: 0.0213
Epoch: [5]  [13/40]  eta: 0:16:28  lr: 0.0001  img/s: 3.5213267635156797  loss: 0.0994 (0.1179)  acc1: 97.6562 (97.0982)  acc5: 100.0000 (100.0000)  time: 36.6249  data: 0.0213
Epoch: [5]  [14/40]  eta: 0:15:51  lr: 0.0001  img/s: 3.516240919212074  loss: 0.1028 (0.1204)  acc1: 97.6562 (97.0833)  acc5: 100.0000 (99.9479)  time: 36.6115  data: 0.0213
Epoch: [5]  [15/40]  eta: 0:15:14  lr: 0.0001  img/s: 3.5313720503272976  loss: 0.0994 (0.1186)  acc1: 97.6562 (97.1680)  acc5: 100.0000 (99.9512)  time: 36.5900  data: 0.0213
Epoch: [5]  [16/40]  eta: 0:14:37  lr: 0.0001  img/s: 3.5361845544408115  loss: 0.0994 (0.1153)  acc1: 97.6562 (97.2426)  acc5: 100.0000 (99.9540)  time: 36.5681  data: 0.0212
Epoch: [5]  [17/40]  eta: 0:14:00  lr: 0.0001  img/s: 3.533185297857011  loss: 0.0931 (0.1116)  acc1: 97.6562 (97.3524)  acc5: 100.0000 (99.9566)  time: 36.5504  data: 0.0212
Epoch: [5]  [18/40]  eta: 0:13:23  lr: 0.0001  img/s: 3.533891327421377  loss: 0.0994 (0.1140)  acc1: 97.6562 (97.2862)  acc5: 100.0000 (99.9589)  time: 36.5341  data: 0.0212
Epoch: [5]  [19/40]  eta: 0:12:47  lr: 0.0001  img/s: 3.5244651606780697  loss: 0.0991 (0.1133)  acc1: 97.6562 (97.3047)  acc5: 100.0000 (99.9609)  time: 36.5243  data: 0.0212
Epoch: [5]  [20/40]  eta: 0:12:10  lr: 0.0001  img/s: 3.517445344854704  loss: 0.0931 (0.1117)  acc1: 97.6562 (97.3958)  acc5: 100.0000 (99.9256)  time: 36.5076  data: 0.0212
Epoch: [5]  [21/40]  eta: 0:11:33  lr: 0.0001  img/s: 3.5096785233547734  loss: 0.0931 (0.1116)  acc1: 97.6562 (97.3722)  acc5: 100.0000 (99.9290)  time: 36.5022  data: 0.0212
Epoch: [5]  [22/40]  eta: 0:10:57  lr: 0.0001  img/s: 3.4814261557902455  loss: 0.0991 (0.1169)  acc1: 97.6562 (97.2147)  acc5: 100.0000 (99.9321)  time: 36.5101  data: 0.0212
Epoch: [5]  [23/40]  eta: 0:10:21  lr: 0.0001  img/s: 3.4429951671427115  loss: 0.0991 (0.1175)  acc1: 97.6562 (97.1680)  acc5: 100.0000 (99.9349)  time: 36.5521  data: 0.0212
Epoch: [5]  [24/40]  eta: 0:09:45  lr: 0.0001  img/s: 3.418095632521352  loss: 0.0991 (0.1178)  acc1: 97.6562 (97.1562)  acc5: 100.0000 (99.9062)  time: 36.5247  data: 0.0212
Epoch: [5]  [25/40]  eta: 0:09:09  lr: 0.0001  img/s: 3.4170006590796063  loss: 0.0991 (0.1174)  acc1: 97.6562 (97.1755)  acc5: 100.0000 (99.9099)  time: 36.5411  data: 0.0212
Epoch: [5]  [26/40]  eta: 0:08:33  lr: 0.0001  img/s: 3.414497293481093  loss: 0.0931 (0.1156)  acc1: 97.6562 (97.2222)  acc5: 100.0000 (99.9132)  time: 36.5746  data: 0.0212
Epoch: [5]  [27/40]  eta: 0:07:57  lr: 0.0001  img/s: 3.410418723520815  loss: 0.0991 (0.1153)  acc1: 97.6562 (97.2098)  acc5: 100.0000 (99.9163)  time: 36.6352  data: 0.0215
Epoch: [5]  [28/40]  eta: 0:07:20  lr: 0.0001  img/s: 3.4011206111771743  loss: 0.0991 (0.1146)  acc1: 97.6562 (97.2252)  acc5: 100.0000 (99.9192)  time: 36.6885  data: 0.0215
Epoch: [5]  [29/40]  eta: 0:06:44  lr: 0.0001  img/s: 3.419777725717845  loss: 0.0991 (0.1147)  acc1: 97.6562 (97.2656)  acc5: 100.0000 (99.8958)  time: 36.7488  data: 0.0215
Epoch: [5]  [30/40]  eta: 0:06:07  lr: 0.0001  img/s: 3.4274788879578417  loss: 0.0991 (0.1126)  acc1: 97.6562 (97.3286)  acc5: 100.0000 (99.8992)  time: 36.8009  data: 0.0215
Epoch: [5]  [31/40]  eta: 0:05:31  lr: 0.0001  img/s: 3.428167422378339  loss: 0.1019 (0.1123)  acc1: 97.6562 (97.3145)  acc5: 100.0000 (99.9023)  time: 36.8594  data: 0.0219
Epoch: [5]  [32/40]  eta: 0:04:54  lr: 0.0001  img/s: 3.427759739829602  loss: 0.1074 (0.1132)  acc1: 97.6562 (97.3011)  acc5: 100.0000 (99.9053)  time: 36.9118  data: 0.0227
Epoch: [5]  [33/40]  eta: 0:04:17  lr: 0.0001  img/s: 3.430223355483294  loss: 0.1074 (0.1158)  acc1: 96.8750 (97.1967)  acc5: 100.0000 (99.9081)  time: 36.9600  data: 0.0226
Epoch: [5]  [34/40]  eta: 0:03:41  lr: 0.0001  img/s: 3.412739534741419  loss: 0.1074 (0.1160)  acc1: 96.8750 (97.1875)  acc5: 100.0000 (99.9107)  time: 37.0152  data: 0.0226
Epoch: [5]  [35/40]  eta: 0:03:04  lr: 0.0001  img/s: 3.4389094659923356  loss: 0.1084 (0.1161)  acc1: 96.8750 (97.2005)  acc5: 100.0000 (99.9132)  time: 37.0644  data: 0.0230
Epoch: [5]  [36/40]  eta: 0:02:27  lr: 0.0001  img/s: 3.4659324250394046  loss: 0.1084 (0.1155)  acc1: 96.8750 (97.1917)  acc5: 100.0000 (99.9155)  time: 37.1011  data: 0.0230
Epoch: [5]  [37/40]  eta: 0:01:50  lr: 0.0001  img/s: 3.464971557296154  loss: 0.1084 (0.1144)  acc1: 96.8750 (97.1834)  acc5: 100.0000 (99.9178)  time: 37.1368  data: 0.0231
Epoch: [5]  [38/40]  eta: 0:01:13  lr: 0.0001  img/s: 3.421746248746476  loss: 0.1074 (0.1139)  acc1: 96.8750 (97.1554)  acc5: 100.0000 (99.9199)  time: 37.1965  data: 0.0234
Epoch: [5]  [39/40]  eta: 0:00:36  lr: 0.0001  img/s: 3.3497312382924638  loss: 0.1084 (0.1205)  acc1: 96.8750 (97.1400)  acc5: 100.0000 (99.9200)  time: 35.4992  data: 0.0226
Epoch: [5] Total time: 0:24:00

Epoch 6/15
Epoch: [6]  [ 0/40]  eta: 0:24:55  lr: 0.0001  img/s: 3.425217513893984  loss: 0.0893 (0.0893)  acc1: 96.8750 (96.8750)  acc5: 100.0000 (100.0000)  time: 37.3947  data: 0.0248
Epoch: [6]  [ 1/40]  eta: 0:24:21  lr: 0.0001  img/s: 3.409309718226971  loss: 0.0893 (0.1055)  acc1: 96.8750 (96.8750)  acc5: 99.2188 (99.6094)  time: 37.4799  data: 0.0228
Epoch: [6]  [ 2/40]  eta: 0:23:45  lr: 0.0001  img/s: 3.406617990317333  loss: 0.1032 (0.1047)  acc1: 96.8750 (97.1354)  acc5: 100.0000 (99.7396)  time: 37.5182  data: 0.0222
Epoch: [6]  [ 3/40]  eta: 0:23:10  lr: 0.0001  img/s: 3.3938981232875856  loss: 0.0895 (0.1009)  acc1: 96.8750 (96.8750)  acc5: 100.0000 (99.8047)  time: 37.5725  data: 0.0218
Epoch: [6]  [ 4/40]  eta: 0:22:32  lr: 0.0001  img/s: 3.4151386061931275  loss: 0.0927 (0.0993)  acc1: 96.8750 (96.8750)  acc5: 100.0000 (99.8438)  time: 37.5582  data: 0.0216
Epoch: [6]  [ 5/40]  eta: 0:21:55  lr: 0.0001  img/s: 3.396961220969823  loss: 0.0927 (0.1033)  acc1: 96.8750 (96.7448)  acc5: 100.0000 (99.8698)  time: 37.5821  data: 0.0215
Epoch: [6]  [ 6/40]  eta: 0:21:16  lr: 0.0001  img/s: 3.4271567768515667  loss: 0.0927 (0.0996)  acc1: 96.8750 (96.7634)  acc5: 100.0000 (99.8884)  time: 37.5524  data: 0.0220
Epoch: [6]  [ 7/40]  eta: 0:20:35  lr: 0.0001  img/s: 3.4864243721761534  loss: 0.0895 (0.0949)  acc1: 96.8750 (96.9727)  acc5: 100.0000 (99.9023)  time: 37.4507  data: 0.0224
Epoch: [6]  [ 8/40]  eta: 0:19:55  lr: 0.0001  img/s: 3.4913068382740744  loss: 0.0895 (0.0895)  acc1: 96.8750 (97.2222)  acc5: 100.0000 (99.9132)  time: 37.3654  data: 0.0222
Epoch: [6]  [ 9/40]  eta: 0:19:15  lr: 0.0001  img/s: 3.527926387526353  loss: 0.0895 (0.1021)  acc1: 96.8750 (96.9531)  acc5: 100.0000 (99.8438)  time: 37.2592  data: 0.0221
Epoch: [6]  [10/40]  eta: 0:18:33  lr: 0.0001  img/s: 3.6002997913248675  loss: 0.0927 (0.1031)  acc1: 96.8750 (96.9460)  acc5: 100.0000 (99.8580)  time: 37.1059  data: 0.0220
Epoch: [6]  [11/40]  eta: 0:17:51  lr: 0.0001  img/s: 3.6168074258554896  loss: 0.0927 (0.1029)  acc1: 96.8750 (96.9401)  acc5: 100.0000 (99.8698)  time: 36.9647  data: 0.0219
Epoch: [6]  [12/40]  eta: 0:17:12  lr: 0.0001  img/s: 3.597541967728079  loss: 0.0927 (0.1013)  acc1: 96.8750 (96.9952)  acc5: 100.0000 (99.8798)  time: 36.8601  data: 0.0221
Epoch: [6]  [13/40]  eta: 0:16:32  lr: 0.0001  img/s: 3.5999968591359837  loss: 0.0927 (0.1023)  acc1: 96.8750 (96.9866)  acc5: 100.0000 (99.8884)  time: 36.7684  data: 0.0220
Epoch: [6]  [14/40]  eta: 0:15:53  lr: 0.0001  img/s: 3.6136386285931184  loss: 0.1012 (0.1039)  acc1: 96.8750 (97.0312)  acc5: 100.0000 (99.8438)  time: 36.6800  data: 0.0219
Epoch: [6]  [15/40]  eta: 0:15:15  lr: 0.0001  img/s: 3.617240336324421  loss: 0.0927 (0.1026)  acc1: 96.8750 (97.1191)  acc5: 100.0000 (99.8535)  time: 36.6004  data: 0.0219
Epoch: [6]  [16/40]  eta: 0:14:36  lr: 0.0001  img/s: 3.613067903393026  loss: 0.1012 (0.1045)  acc1: 96.8750 (97.1048)  acc5: 100.0000 (99.8621)  time: 36.5326  data: 0.0218
Epoch: [6]  [17/40]  eta: 0:13:58  lr: 0.0001  img/s: 3.612894153518514  loss: 0.0927 (0.1031)  acc1: 96.8750 (97.1788)  acc5: 100.0000 (99.8698)  time: 36.4724  data: 0.0217
Epoch: [6]  [18/40]  eta: 0:13:21  lr: 0.0001  img/s: 3.614971030285328  loss: 0.1012 (0.1044)  acc1: 96.8750 (97.1628)  acc5: 100.0000 (99.8766)  time: 36.4175  data: 0.0217
Epoch: [6]  [19/40]  eta: 0:12:43  lr: 0.0001  img/s: 3.61213085869295  loss: 0.0927 (0.1025)  acc1: 96.8750 (97.2656)  acc5: 100.0000 (99.8828)  time: 36.3695  data: 0.0216
Epoch: [6]  [20/40]  eta: 0:12:06  lr: 0.0001  img/s: 3.605990483914275  loss: 0.0927 (0.1011)  acc1: 96.8750 (97.3214)  acc5: 100.0000 (99.8884)  time: 36.2756  data: 0.0215
Epoch: [6]  [21/40]  eta: 0:11:29  lr: 0.0001  img/s: 3.6097517688187297  loss: 0.0899 (0.1006)  acc1: 96.8750 (97.3722)  acc5: 100.0000 (99.8935)  time: 36.1714  data: 0.0215
Epoch: [6]  [22/40]  eta: 0:10:52  lr: 0.0001  img/s: 3.6081054037851  loss: 0.0899 (0.1052)  acc1: 96.8750 (97.1807)  acc5: 100.0000 (99.8981)  time: 36.0665  data: 0.0214
Epoch: [6]  [23/40]  eta: 0:10:15  lr: 0.0001  img/s: 3.6029730318997095  loss: 0.0899 (0.1043)  acc1: 96.8750 (97.2331)  acc5: 100.0000 (99.9023)  time: 35.9570  data: 0.0214
Epoch: [6]  [24/40]  eta: 0:09:39  lr: 0.0001  img/s: 3.6062804967285422  loss: 0.0899 (0.1042)  acc1: 97.6562 (97.2500)  acc5: 100.0000 (99.9062)  time: 35.8577  data: 0.0214
Epoch: [6]  [25/40]  eta: 0:09:02  lr: 0.0001  img/s: 3.6102973141059644  loss: 0.0899 (0.1047)  acc1: 97.6562 (97.2356)  acc5: 100.0000 (99.9099)  time: 35.7464  data: 0.0214
Epoch: [6]  [26/40]  eta: 0:08:26  lr: 0.0001  img/s: 3.595212987429881  loss: 0.1012 (0.1047)  acc1: 97.6562 (97.2222)  acc5: 100.0000 (99.9132)  time: 35.6589  data: 0.0212
Epoch: [6]  [27/40]  eta: 0:07:49  lr: 0.0001  img/s: 3.602725109608566  loss: 0.1014 (0.1048)  acc1: 96.8750 (97.1819)  acc5: 100.0000 (99.9163)  time: 35.5994  data: 0.0210
Epoch: [6]  [28/40]  eta: 0:07:13  lr: 0.0001  img/s: 3.6097322066279633  loss: 0.1014 (0.1046)  acc1: 96.8750 (97.1713)  acc5: 100.0000 (99.9192)  time: 35.5393  data: 0.0211
Epoch: [6]  [29/40]  eta: 0:06:36  lr: 0.0001  img/s: 3.6050283960218663  loss: 0.1014 (0.1073)  acc1: 96.8750 (97.1094)  acc5: 100.0000 (99.9219)  time: 35.5005  data: 0.0211
Epoch: [6]  [30/40]  eta: 0:06:00  lr: 0.0001  img/s: 3.5906263536639025  loss: 0.1014 (0.1098)  acc1: 96.8750 (97.1018)  acc5: 100.0000 (99.8992)  time: 35.5054  data: 0.0211
Epoch: [6]  [31/40]  eta: 0:05:24  lr: 0.0001  img/s: 3.595558627688235  loss: 0.1059 (0.1107)  acc1: 96.8750 (97.0215)  acc5: 100.0000 (99.9023)  time: 35.5158  data: 0.0211
Epoch: [6]  [32/40]  eta: 0:04:48  lr: 0.0001  img/s: 3.618210953774544  loss: 0.1059 (0.1104)  acc1: 96.8750 (97.0407)  acc5: 100.0000 (99.9053)  time: 35.5054  data: 0.0209
Epoch: [6]  [33/40]  eta: 0:04:12  lr: 0.0001  img/s: 3.618708226687491  loss: 0.1059 (0.1115)  acc1: 96.8750 (96.9899)  acc5: 100.0000 (99.9081)  time: 35.4962  data: 0.0209
Epoch: [6]  [34/40]  eta: 0:03:35  lr: 0.0001  img/s: 3.6266784218215493  loss: 0.1055 (0.1113)  acc1: 96.8750 (97.0089)  acc5: 100.0000 (99.9107)  time: 35.4899  data: 0.0209
Epoch: [6]  [35/40]  eta: 0:02:59  lr: 0.0001  img/s: 3.6183399535782743  loss: 0.1055 (0.1112)  acc1: 96.8750 (97.0052)  acc5: 100.0000 (99.9132)  time: 35.4893  data: 0.0209
Epoch: [6]  [36/40]  eta: 0:02:23  lr: 0.0001  img/s: 3.62041074419717  loss: 0.1053 (0.1091)  acc1: 96.8750 (97.0650)  acc5: 100.0000 (99.9155)  time: 35.4858  data: 0.0209
Epoch: [6]  [37/40]  eta: 0:01:47  lr: 0.0001  img/s: 3.612518506328851  loss: 0.1053 (0.1076)  acc1: 96.8750 (97.1217)  acc5: 100.0000 (99.9178)  time: 35.4860  data: 0.0209
Epoch: [6]  [38/40]  eta: 0:01:11  lr: 0.0001  img/s: 3.6171324218968337  loss: 0.1017 (0.1073)  acc1: 96.8750 (97.1554)  acc5: 100.0000 (99.9199)  time: 35.4849  data: 0.0209
Epoch: [6]  [39/40]  eta: 0:00:35  lr: 0.0001  img/s: 3.64451798410809  loss: 0.1053 (0.1114)  acc1: 96.8750 (97.1600)  acc5: 100.0000 (99.9200)  time: 33.8219  data: 0.0200
Epoch: [6] Total time: 0:23:23

Epoch 7/15
Epoch: [7]  [ 0/40]  eta: 0:15:15  lr: 0.0001  img/s: 5.59860648984665  loss: 0.1198 (0.1198)  acc1: 97.6562 (97.6562)  acc5: 100.0000 (100.0000)  time: 22.8873  data: 0.0245
Epoch: [7]  [ 1/40]  eta: 0:14:32  lr: 0.0001  img/s: 5.8621685284928295  loss: 0.1148 (0.1173)  acc1: 96.8750 (97.2656)  acc5: 100.0000 (100.0000)  time: 22.3732  data: 0.0243
Epoch: [7]  [ 2/40]  eta: 0:13:58  lr: 0.0001  img/s: 5.965194509710388  loss: 0.1148 (0.0954)  acc1: 97.6562 (97.9167)  acc5: 100.0000 (100.0000)  time: 22.0763  data: 0.0245
Epoch: [7]  [ 3/40]  eta: 0:13:31  lr: 0.0001  img/s: 5.97025533037351  loss: 0.0809 (0.0918)  acc1: 96.8750 (97.6562)  acc5: 100.0000 (100.0000)  time: 21.9231  data: 0.0243
Epoch: [7]  [ 4/40]  eta: 0:13:06  lr: 0.0001  img/s: 5.962501331195823  loss: 0.0809 (0.0881)  acc1: 97.6562 (97.6562)  acc5: 100.0000 (100.0000)  time: 21.8367  data: 0.0242
Epoch: [7]  [ 5/40]  eta: 0:12:40  lr: 0.0001  img/s: 6.045709617606673  loss: 0.0735 (0.0826)  acc1: 97.6562 (98.0469)  acc5: 100.0000 (100.0000)  time: 21.7299  data: 0.0241
Epoch: [7]  [ 6/40]  eta: 0:12:16  lr: 0.0001  img/s: 6.0315080402706815  loss: 0.0735 (0.0794)  acc1: 97.6562 (97.9911)  acc5: 100.0000 (100.0000)  time: 21.6608  data: 0.0241
Epoch: [7]  [ 7/40]  eta: 0:11:53  lr: 0.0001  img/s: 6.0281042775495415  loss: 0.0628 (0.0773)  acc1: 97.6562 (98.0469)  acc5: 100.0000 (100.0000)  time: 21.6105  data: 0.0242
Epoch: [7]  [ 8/40]  eta: 0:11:29  lr: 0.0001  img/s: 6.068279426708337  loss: 0.0735 (0.0794)  acc1: 97.6562 (97.9167)  acc5: 100.0000 (100.0000)  time: 21.5557  data: 0.0242
Epoch: [7]  [ 9/40]  eta: 0:11:15  lr: 0.0001  img/s: 5.336892329108324  loss: 0.0735 (0.0812)  acc1: 97.6562 (97.9688)  acc5: 100.0000 (99.9219)  time: 21.8009  data: 0.0241
Epoch: [7]  [10/40]  eta: 0:10:52  lr: 0.0001  img/s: 5.992853818327816  loss: 0.0809 (0.0833)  acc1: 97.6562 (97.9403)  acc5: 100.0000 (99.9290)  time: 21.7634  data: 0.0246
Epoch: [7]  [11/40]  eta: 0:10:29  lr: 0.0001  img/s: 6.057334120863282  loss: 0.0735 (0.0814)  acc1: 97.6562 (97.9818)  acc5: 100.0000 (99.9349)  time: 21.7127  data: 0.0245
Epoch: [7]  [12/40]  eta: 0:10:07  lr: 0.0001  img/s: 5.9871633348511155  loss: 0.0809 (0.0825)  acc1: 97.6562 (97.8365)  acc5: 100.0000 (99.9399)  time: 21.6889  data: 0.0245
Epoch: [7]  [13/40]  eta: 0:09:44  lr: 0.0001  img/s: 6.016668048479601  loss: 0.0809 (0.0825)  acc1: 97.6562 (97.8237)  acc5: 100.0000 (99.9442)  time: 21.6610  data: 0.0244
Epoch: [7]  [14/40]  eta: 0:09:22  lr: 0.0001  img/s: 6.035711967774454  loss: 0.0825 (0.0894)  acc1: 97.6562 (97.6562)  acc5: 100.0000 (99.8958)  time: 21.6323  data: 0.0244
Epoch: [7]  [15/40]  eta: 0:08:59  lr: 0.0001  img/s: 6.08127896962125  loss: 0.0825 (0.0918)  acc1: 97.6562 (97.5586)  acc5: 100.0000 (99.9023)  time: 21.5973  data: 0.0244
Epoch: [7]  [16/40]  eta: 0:08:37  lr: 0.0001  img/s: 6.103809169739201  loss: 0.0825 (0.0900)  acc1: 97.6562 (97.6103)  acc5: 100.0000 (99.9081)  time: 21.5624  data: 0.0249
Epoch: [7]  [17/40]  eta: 0:08:15  lr: 0.0001  img/s: 6.074323905771304  loss: 0.0809 (0.0864)  acc1: 97.6562 (97.7431)  acc5: 100.0000 (99.9132)  time: 21.5365  data: 0.0248
Epoch: [7]  [18/40]  eta: 0:07:52  lr: 0.0001  img/s: 6.154389147164083  loss: 0.0825 (0.0886)  acc1: 97.6562 (97.6974)  acc5: 100.0000 (99.9178)  time: 21.4989  data: 0.0248
Epoch: [7]  [19/40]  eta: 0:07:30  lr: 0.0001  img/s: 6.17588364957281  loss: 0.0809 (0.0864)  acc1: 97.6562 (97.7734)  acc5: 100.0000 (99.9219)  time: 21.4616  data: 0.0249
Epoch: [7]  [20/40]  eta: 0:07:08  lr: 0.0001  img/s: 6.217169758566657  loss: 0.0797 (0.0861)  acc1: 97.6562 (97.8051)  acc5: 100.0000 (99.9256)  time: 21.3478  data: 0.0249
Epoch: [7]  [21/40]  eta: 0:06:46  lr: 0.0001  img/s: 6.177954783643355  loss: 0.0797 (0.0862)  acc1: 97.6562 (97.7628)  acc5: 100.0000 (99.9290)  time: 21.2920  data: 0.0249
Epoch: [7]  [22/40]  eta: 0:06:24  lr: 0.0001  img/s: 6.177952082155726  loss: 0.0809 (0.0881)  acc1: 97.6562 (97.7242)  acc5: 100.0000 (99.9321)  time: 21.2550  data: 0.0248
Epoch: [7]  [23/40]  eta: 0:06:02  lr: 0.0001  img/s: 6.195563583797686  loss: 0.0797 (0.0859)  acc1: 97.6562 (97.7865)  acc5: 100.0000 (99.9349)  time: 21.2160  data: 0.0248
Epoch: [7]  [24/40]  eta: 0:05:40  lr: 0.0001  img/s: 6.201767778632603  loss: 0.0825 (0.0858)  acc1: 97.6562 (97.7500)  acc5: 100.0000 (99.9375)  time: 21.1746  data: 0.0248
Epoch: [7]  [25/40]  eta: 0:05:19  lr: 0.0001  img/s: 6.197423652931013  loss: 0.0825 (0.0856)  acc1: 97.6562 (97.7764)  acc5: 100.0000 (99.9399)  time: 21.1487  data: 0.0249
Epoch: [7]  [26/40]  eta: 0:04:57  lr: 0.0001  img/s: 6.181916425380577  loss: 0.0825 (0.0849)  acc1: 97.6562 (97.7720)  acc5: 100.0000 (99.9421)  time: 21.1229  data: 0.0248
Epoch: [7]  [27/40]  eta: 0:04:36  lr: 0.0001  img/s: 6.209048011043614  loss: 0.0825 (0.0839)  acc1: 97.6562 (97.8237)  acc5: 100.0000 (99.9442)  time: 21.0920  data: 0.0249
Epoch: [7]  [28/40]  eta: 0:04:14  lr: 0.0001  img/s: 6.189887299899813  loss: 0.0807 (0.0833)  acc1: 97.6562 (97.8448)  acc5: 100.0000 (99.9461)  time: 21.0713  data: 0.0249
Epoch: [7]  [29/40]  eta: 0:03:53  lr: 0.0001  img/s: 6.194628678639383  loss: 0.0807 (0.0853)  acc1: 97.6562 (97.8125)  acc5: 100.0000 (99.9219)  time: 20.9053  data: 0.0249
Epoch: [7]  [30/40]  eta: 0:03:31  lr: 0.0001  img/s: 6.193041530336526  loss: 0.0807 (0.0855)  acc1: 97.6562 (97.7823)  acc5: 100.0000 (99.9244)  time: 20.8705  data: 0.0247
Epoch: [7]  [31/40]  eta: 0:03:10  lr: 0.0001  img/s: 6.229487925521503  loss: 0.0825 (0.0867)  acc1: 97.6562 (97.7783)  acc5: 100.0000 (99.9268)  time: 20.8414  data: 0.0247
Epoch: [7]  [32/40]  eta: 0:02:49  lr: 0.0001  img/s: 6.2319885395774595  loss: 0.0807 (0.0858)  acc1: 97.6562 (97.8220)  acc5: 100.0000 (99.9290)  time: 20.7994  data: 0.0248
Epoch: [7]  [33/40]  eta: 0:02:27  lr: 0.0001  img/s: 6.214044132567176  loss: 0.0807 (0.0865)  acc1: 97.6562 (97.8401)  acc5: 100.0000 (99.9311)  time: 20.7657  data: 0.0248
Epoch: [7]  [34/40]  eta: 0:02:06  lr: 0.0001  img/s: 6.211566591410735  loss: 0.0797 (0.0856)  acc1: 98.4375 (97.8571)  acc5: 100.0000 (99.9330)  time: 20.7357  data: 0.0248
Epoch: [7]  [35/40]  eta: 0:01:45  lr: 0.0001  img/s: 6.206129477348307  loss: 0.0797 (0.0868)  acc1: 98.4375 (97.8082)  acc5: 100.0000 (99.9349)  time: 20.7145  data: 0.0248
Epoch: [7]  [36/40]  eta: 0:01:24  lr: 0.0001  img/s: 6.2127334353639245  loss: 0.0807 (0.0871)  acc1: 98.4375 (97.8252)  acc5: 100.0000 (99.9367)  time: 20.6956  data: 0.0244
Epoch: [7]  [37/40]  eta: 0:01:03  lr: 0.0001  img/s: 6.209566373208566  loss: 0.0807 (0.0857)  acc1: 98.4375 (97.8824)  acc5: 100.0000 (99.9383)  time: 20.6727  data: 0.0243
Epoch: [7]  [38/40]  eta: 0:00:42  lr: 0.0001  img/s: 6.2073243504895395  loss: 0.0797 (0.0849)  acc1: 98.4375 (97.8566)  acc5: 100.0000 (99.9399)  time: 20.6638  data: 0.0243
Epoch: [7]  [39/40]  eta: 0:00:20  lr: 0.0001  img/s: 5.525495269285795  loss: 0.0807 (0.0911)  acc1: 98.4375 (97.8600)  acc5: 100.0000 (99.9400)  time: 19.6986  data: 0.0231
Epoch: [7] Total time: 0:13:43

Epoch 8/15
Epoch: [8]  [ 0/40]  eta: 0:13:47  lr: 0.0001  img/s: 6.192443568430405  loss: 0.0934 (0.0934)  acc1: 97.6562 (97.6562)  acc5: 100.0000 (100.0000)  time: 20.6948  data: 0.0245
Epoch: [8]  [ 1/40]  eta: 0:13:29  lr: 0.0001  img/s: 6.150601648271832  loss: 0.0693 (0.0813)  acc1: 97.6562 (98.0469)  acc5: 100.0000 (100.0000)  time: 20.7650  data: 0.0243
Epoch: [8]  [ 2/40]  eta: 0:13:07  lr: 0.0001  img/s: 6.206180199159472  loss: 0.0693 (0.0715)  acc1: 98.4375 (98.4375)  acc5: 100.0000 (100.0000)  time: 20.7264  data: 0.0244
Epoch: [8]  [ 3/40]  eta: 0:12:45  lr: 0.0001  img/s: 6.220227182326915  loss: 0.0518 (0.0641)  acc1: 98.4375 (98.8281)  acc5: 100.0000 (100.0000)  time: 20.6953  data: 0.0243
Epoch: [8]  [ 4/40]  eta: 0:12:24  lr: 0.0001  img/s: 6.204026436015838  loss: 0.0693 (0.0692)  acc1: 98.4375 (98.5938)  acc5: 100.0000 (100.0000)  time: 20.6874  data: 0.0242
Epoch: [8]  [ 5/40]  eta: 0:12:04  lr: 0.0001  img/s: 6.177118288490459  loss: 0.0693 (0.0761)  acc1: 98.4375 (98.6979)  acc5: 100.0000 (100.0000)  time: 20.6970  data: 0.0241
Epoch: [8]  [ 6/40]  eta: 0:11:43  lr: 0.0001  img/s: 6.2091771985040864  loss: 0.0693 (0.0722)  acc1: 99.2188 (98.7723)  acc5: 100.0000 (100.0000)  time: 20.6886  data: 0.0241
Epoch: [8]  [ 7/40]  eta: 0:11:22  lr: 0.0001  img/s: 6.210531081811898  loss: 0.0664 (0.0715)  acc1: 98.4375 (98.7305)  acc5: 100.0000 (100.0000)  time: 20.6818  data: 0.0240
Epoch: [8]  [ 8/40]  eta: 0:11:01  lr: 0.0001  img/s: 6.222024717831131  loss: 0.0664 (0.0671)  acc1: 99.2188 (98.8715)  acc5: 100.0000 (100.0000)  time: 20.6723  data: 0.0240
Epoch: [8]  [ 9/40]  eta: 0:10:40  lr: 0.0001  img/s: 6.199457646818883  loss: 0.0664 (0.0795)  acc1: 98.4375 (98.4375)  acc5: 100.0000 (99.8438)  time: 20.6724  data: 0.0243
Epoch: [8]  [10/40]  eta: 0:10:19  lr: 0.0001  img/s: 6.2208943155082945  loss: 0.0664 (0.0762)  acc1: 99.2188 (98.5085)  acc5: 100.0000 (99.8580)  time: 20.6658  data: 0.0243
Epoch: [8]  [11/40]  eta: 0:09:59  lr: 0.0001  img/s: 6.224402649891133  loss: 0.0518 (0.0732)  acc1: 99.2188 (98.5677)  acc5: 100.0000 (99.8698)  time: 20.6594  data: 0.0243
Epoch: [8]  [12/40]  eta: 0:09:38  lr: 0.0001  img/s: 6.219404202316167  loss: 0.0664 (0.0737)  acc1: 99.2188 (98.5577)  acc5: 100.0000 (99.8798)  time: 20.6552  data: 0.0242
Epoch: [8]  [13/40]  eta: 0:09:17  lr: 0.0001  img/s: 6.217089266744626  loss: 0.0664 (0.0784)  acc1: 98.4375 (98.4375)  acc5: 100.0000 (99.8884)  time: 20.6521  data: 0.0242
Epoch: [8]  [14/40]  eta: 0:08:56  lr: 0.0001  img/s: 6.21862941232853  loss: 0.0693 (0.0814)  acc1: 98.4375 (98.3333)  acc5: 100.0000 (99.8438)  time: 20.6491  data: 0.0242
Epoch: [8]  [15/40]  eta: 0:08:36  lr: 0.0001  img/s: 6.220427249598509  loss: 0.0693 (0.0824)  acc1: 98.4375 (98.2910)  acc5: 100.0000 (99.8535)  time: 20.6461  data: 0.0241
Epoch: [8]  [16/40]  eta: 0:08:15  lr: 0.0001  img/s: 6.229704203095508  loss: 0.0693 (0.0805)  acc1: 98.4375 (98.2996)  acc5: 100.0000 (99.8621)  time: 20.6416  data: 0.0241
Epoch: [8]  [17/40]  eta: 0:07:54  lr: 0.0001  img/s: 6.243405120178919  loss: 0.0664 (0.0779)  acc1: 98.4375 (98.3941)  acc5: 100.0000 (99.8698)  time: 20.6352  data: 0.0241
Epoch: [8]  [18/40]  eta: 0:07:33  lr: 0.0001  img/s: 6.234130201841394  loss: 0.0693 (0.0789)  acc1: 98.4375 (98.3964)  acc5: 100.0000 (99.8766)  time: 20.6310  data: 0.0241
Epoch: [8]  [19/40]  eta: 0:07:13  lr: 0.0001  img/s: 6.248008617202722  loss: 0.0664 (0.0767)  acc1: 98.4375 (98.4375)  acc5: 100.0000 (99.8828)  time: 20.6250  data: 0.0240
Epoch: [8]  [20/40]  eta: 0:06:52  lr: 0.0001  img/s: 6.190381268240432  loss: 0.0664 (0.0774)  acc1: 98.4375 (98.4375)  acc5: 100.0000 (99.8512)  time: 20.6253  data: 0.0240
Epoch: [8]  [21/40]  eta: 0:06:31  lr: 0.0001  img/s: 6.250814061575124  loss: 0.0664 (0.0786)  acc1: 98.4375 (98.3665)  acc5: 100.0000 (99.8580)  time: 20.6086  data: 0.0240
Epoch: [8]  [22/40]  eta: 0:06:11  lr: 0.0001  img/s: 6.241561179362065  loss: 0.0795 (0.0803)  acc1: 98.4375 (98.3016)  acc5: 100.0000 (99.8641)  time: 20.6027  data: 0.0240
Epoch: [8]  [23/40]  eta: 0:05:50  lr: 0.0001  img/s: 6.211937737252269  loss: 0.0795 (0.0781)  acc1: 98.4375 (98.3724)  acc5: 100.0000 (99.8698)  time: 20.6041  data: 0.0240
Epoch: [8]  [24/40]  eta: 0:05:29  lr: 0.0001  img/s: 6.230943823959255  loss: 0.0795 (0.0783)  acc1: 98.4375 (98.3438)  acc5: 100.0000 (99.8750)  time: 20.5996  data: 0.0240
Epoch: [8]  [25/40]  eta: 0:05:09  lr: 0.0001  img/s: 6.26824883706534  loss: 0.0795 (0.0787)  acc1: 98.4375 (98.3173)  acc5: 100.0000 (99.8798)  time: 20.5846  data: 0.0240
Epoch: [8]  [26/40]  eta: 0:04:48  lr: 0.0001  img/s: 6.253100798714137  loss: 0.0795 (0.0773)  acc1: 98.4375 (98.3507)  acc5: 100.0000 (99.8843)  time: 20.5773  data: 0.0240
Epoch: [8]  [27/40]  eta: 0:04:27  lr: 0.0001  img/s: 6.228477214911218  loss: 0.0833 (0.0779)  acc1: 98.4375 (98.3538)  acc5: 100.0000 (99.8884)  time: 20.5743  data: 0.0240
Epoch: [8]  [28/40]  eta: 0:04:07  lr: 0.0001  img/s: 6.26185898108051  loss: 0.0869 (0.0788)  acc1: 98.4375 (98.3297)  acc5: 100.0000 (99.8922)  time: 20.5678  data: 0.0240
Epoch: [8]  [29/40]  eta: 0:03:46  lr: 0.0001  img/s: 6.228494123638606  loss: 0.0869 (0.0804)  acc1: 98.4375 (98.2812)  acc5: 100.0000 (99.8698)  time: 20.5628  data: 0.0238
Epoch: [8]  [30/40]  eta: 0:03:26  lr: 0.0001  img/s: 6.192836077290551  loss: 0.0869 (0.0804)  acc1: 97.6562 (98.2359)  acc5: 100.0000 (99.8740)  time: 20.5675  data: 0.0238
Epoch: [8]  [31/40]  eta: 0:03:05  lr: 0.0001  img/s: 6.246733269596679  loss: 0.0869 (0.0806)  acc1: 97.6562 (98.2178)  acc5: 100.0000 (99.8779)  time: 20.5638  data: 0.0238
Epoch: [8]  [32/40]  eta: 0:02:44  lr: 0.0001  img/s: 6.266172751741081  loss: 0.0869 (0.0795)  acc1: 97.6562 (98.2481)  acc5: 100.0000 (99.8816)  time: 20.5561  data: 0.0237
Epoch: [8]  [33/40]  eta: 0:02:24  lr: 0.0001  img/s: 6.237461584350659  loss: 0.0869 (0.0813)  acc1: 97.6562 (98.2077)  acc5: 100.0000 (99.8851)  time: 20.5527  data: 0.0237
Epoch: [8]  [34/40]  eta: 0:02:03  lr: 0.0001  img/s: 6.219716982562729  loss: 0.0866 (0.0809)  acc1: 97.6562 (98.1920)  acc5: 100.0000 (99.8884)  time: 20.5525  data: 0.0237
Epoch: [8]  [35/40]  eta: 0:01:42  lr: 0.0001  img/s: 6.273752059851355  loss: 0.0866 (0.0812)  acc1: 97.6562 (98.1771)  acc5: 100.0000 (99.8915)  time: 20.5445  data: 0.0245
Epoch: [8]  [36/40]  eta: 0:01:22  lr: 0.0001  img/s: 6.225787439822486  loss: 0.0866 (0.0801)  acc1: 97.6562 (98.2052)  acc5: 100.0000 (99.8944)  time: 20.5452  data: 0.0245
Epoch: [8]  [37/40]  eta: 0:01:01  lr: 0.0001  img/s: 6.227827599102356  loss: 0.0866 (0.0794)  acc1: 97.6562 (98.2319)  acc5: 100.0000 (99.8972)  time: 20.5478  data: 0.0245
Epoch: [8]  [38/40]  eta: 0:00:41  lr: 0.0001  img/s: 6.233941123465591  loss: 0.0833 (0.0790)  acc1: 97.6562 (98.2572)  acc5: 100.0000 (99.8998)  time: 20.5478  data: 0.0245
Epoch: [8]  [39/40]  eta: 0:00:20  lr: 0.0001  img/s: 5.854672205216932  loss: 0.0866 (0.0853)  acc1: 97.6562 (98.2600)  acc5: 100.0000 (99.9000)  time: 19.5907  data: 0.0234
Epoch: [8] Total time: 0:13:24

Epoch 9/15
Epoch: [9]  [ 0/40]  eta: 0:13:45  lr: 0.0001  img/s: 6.2091784193117325  loss: 0.0608 (0.0608)  acc1: 97.6562 (97.6562)  acc5: 100.0000 (100.0000)  time: 20.6403  data: 0.0256
Epoch: [9]  [ 1/40]  eta: 0:13:24  lr: 0.0001  img/s: 6.220527432210566  loss: 0.0608 (0.0784)  acc1: 97.6562 (98.0469)  acc5: 100.0000 (100.0000)  time: 20.6207  data: 0.0248
Epoch: [9]  [ 2/40]  eta: 0:13:03  lr: 0.0001  img/s: 6.216257256070182  loss: 0.0608 (0.0682)  acc1: 98.4375 (98.6979)  acc5: 100.0000 (100.0000)  time: 20.6187  data: 0.0244
Epoch: [9]  [ 3/40]  eta: 0:12:41  lr: 0.0001  img/s: 6.254431791597798  loss: 0.0549 (0.0649)  acc1: 98.4375 (98.8281)  acc5: 100.0000 (100.0000)  time: 20.5864  data: 0.0243
Epoch: [9]  [ 4/40]  eta: 0:12:21  lr: 0.0001  img/s: 6.204112540632985  loss: 0.0608 (0.0671)  acc1: 98.4375 (98.5938)  acc5: 100.0000 (100.0000)  time: 20.6002  data: 0.0243
Epoch: [9]  [ 5/40]  eta: 0:12:00  lr: 0.0001  img/s: 6.241956819153877  loss: 0.0608 (0.0733)  acc1: 97.6562 (98.3073)  acc5: 100.0000 (100.0000)  time: 20.5885  data: 0.0242
Epoch: [9]  [ 6/40]  eta: 0:11:39  lr: 0.0001  img/s: 6.228607717982134  loss: 0.0644 (0.0720)  acc1: 98.4375 (98.3259)  acc5: 100.0000 (100.0000)  time: 20.5864  data: 0.0241
Epoch: [9]  [ 7/40]  eta: 0:11:19  lr: 0.0001  img/s: 6.243324455834965  loss: 0.0639 (0.0710)  acc1: 98.4375 (98.4375)  acc5: 100.0000 (100.0000)  time: 20.5789  data: 0.0241
Epoch: [9]  [ 8/40]  eta: 0:10:58  lr: 0.0001  img/s: 6.220004428039664  loss: 0.0639 (0.0660)  acc1: 98.4375 (98.6111)  acc5: 100.0000 (100.0000)  time: 20.5815  data: 0.0240
Epoch: [9]  [ 9/40]  eta: 0:10:38  lr: 0.0001  img/s: 6.21594691078372  loss: 0.0639 (0.0680)  acc1: 98.4375 (98.4375)  acc5: 100.0000 (100.0000)  time: 20.5849  data: 0.0240
Epoch: [9]  [10/40]  eta: 0:10:17  lr: 0.0001  img/s: 6.242330371788412  loss: 0.0644 (0.0712)  acc1: 98.4375 (98.2244)  acc5: 100.0000 (100.0000)  time: 20.5799  data: 0.0240
Epoch: [9]  [11/40]  eta: 0:09:56  lr: 0.0001  img/s: 6.244514666052967  loss: 0.0639 (0.0695)  acc1: 98.4375 (98.2422)  acc5: 100.0000 (100.0000)  time: 20.5750  data: 0.0240
Epoch: [9]  [12/40]  eta: 0:09:36  lr: 0.0001  img/s: 6.228991165619239  loss: 0.0639 (0.0686)  acc1: 98.4375 (98.2572)  acc5: 100.0000 (100.0000)  time: 20.5748  data: 0.0239
Epoch: [9]  [13/40]  eta: 0:09:15  lr: 0.0001  img/s: 6.250695725923635  loss: 0.0639 (0.0753)  acc1: 98.4375 (98.2143)  acc5: 100.0000 (99.9442)  time: 20.5696  data: 0.0239
Epoch: [9]  [14/40]  eta: 0:08:54  lr: 0.0001  img/s: 6.211096901080118  loss: 0.0644 (0.0782)  acc1: 98.4375 (98.2292)  acc5: 100.0000 (99.8958)  time: 20.5738  data: 0.0239
Epoch: [9]  [15/40]  eta: 0:08:34  lr: 0.0001  img/s: 6.223560816902322  loss: 0.0644 (0.0784)  acc1: 98.4375 (98.2422)  acc5: 100.0000 (99.9023)  time: 20.5748  data: 0.0239
Epoch: [9]  [16/40]  eta: 0:08:13  lr: 0.0001  img/s: 6.269740996968756  loss: 0.0760 (0.0798)  acc1: 98.4375 (98.1618)  acc5: 100.0000 (99.9081)  time: 20.5669  data: 0.0239
Epoch: [9]  [17/40]  eta: 0:07:52  lr: 0.0001  img/s: 6.261448034752231  loss: 0.0644 (0.0772)  acc1: 98.4375 (98.2639)  acc5: 100.0000 (99.9132)  time: 20.5613  data: 0.0239
Epoch: [9]  [18/40]  eta: 0:07:32  lr: 0.0001  img/s: 6.220394456710696  loss: 0.0738 (0.0770)  acc1: 98.4375 (98.2319)  acc5: 100.0000 (99.9178)  time: 20.5634  data: 0.0239
Epoch: [9]  [19/40]  eta: 0:07:11  lr: 0.0001  img/s: 6.243600291498546  loss: 0.0644 (0.0761)  acc1: 98.4375 (98.2812)  acc5: 100.0000 (99.9219)  time: 20.5615  data: 0.0239
Epoch: [9]  [20/40]  eta: 0:06:51  lr: 0.0001  img/s: 6.2747098289112175  loss: 0.0738 (0.0766)  acc1: 98.4375 (98.2515)  acc5: 100.0000 (99.9256)  time: 20.5506  data: 0.0238
Epoch: [9]  [21/40]  eta: 0:06:30  lr: 0.0001  img/s: 6.238502760021787  loss: 0.0644 (0.0757)  acc1: 98.4375 (98.2955)  acc5: 100.0000 (99.9290)  time: 20.5476  data: 0.0238
Epoch: [9]  [22/40]  eta: 0:06:09  lr: 0.0001  img/s: 6.231092438047643  loss: 0.0660 (0.0753)  acc1: 98.4375 (98.2677)  acc5: 100.0000 (99.9321)  time: 20.5452  data: 0.0238
Epoch: [9]  [23/40]  eta: 0:05:49  lr: 0.0001  img/s: 6.198262436735823  loss: 0.0660 (0.0742)  acc1: 98.4375 (98.3073)  acc5: 100.0000 (99.9349)  time: 20.5545  data: 0.0238
Epoch: [9]  [24/40]  eta: 0:05:28  lr: 0.0001  img/s: 6.225164081790727  loss: 0.0660 (0.0757)  acc1: 98.4375 (98.2500)  acc5: 100.0000 (99.9375)  time: 20.5510  data: 0.0238
Epoch: [9]  [25/40]  eta: 0:05:08  lr: 0.0001  img/s: 6.230326229386327  loss: 0.0644 (0.0752)  acc1: 98.4375 (98.2873)  acc5: 100.0000 (99.9399)  time: 20.5529  data: 0.0238
Epoch: [9]  [26/40]  eta: 0:04:47  lr: 0.0001  img/s: 6.220106542793216  loss: 0.0639 (0.0745)  acc1: 98.4375 (98.2928)  acc5: 100.0000 (99.9421)  time: 20.5543  data: 0.0238
Epoch: [9]  [27/40]  eta: 0:04:27  lr: 0.0001  img/s: 6.237671458555468  loss: 0.0660 (0.0744)  acc1: 98.4375 (98.2980)  acc5: 100.0000 (99.9442)  time: 20.5552  data: 0.0238
Epoch: [9]  [28/40]  eta: 0:04:06  lr: 0.0001  img/s: 6.2348422441961056  loss: 0.0660 (0.0734)  acc1: 98.4375 (98.3297)  acc5: 100.0000 (99.9461)  time: 20.5528  data: 0.0239
Epoch: [9]  [29/40]  eta: 0:03:46  lr: 0.0001  img/s: 6.220055232773183  loss: 0.0660 (0.0752)  acc1: 98.4375 (98.2812)  acc5: 100.0000 (99.9219)  time: 20.5521  data: 0.0238
Epoch: [9]  [30/40]  eta: 0:03:25  lr: 0.0001  img/s: 6.1734160647336545  loss: 0.0658 (0.0749)  acc1: 98.4375 (98.2611)  acc5: 100.0000 (99.9244)  time: 20.5636  data: 0.0238
Epoch: [9]  [31/40]  eta: 0:03:05  lr: 0.0001  img/s: 6.221442486624072  loss: 0.0660 (0.0750)  acc1: 98.4375 (98.2910)  acc5: 100.0000 (99.9268)  time: 20.5674  data: 0.0238
Epoch: [9]  [32/40]  eta: 0:02:44  lr: 0.0001  img/s: 6.208670389364629  loss: 0.0660 (0.0745)  acc1: 98.4375 (98.2955)  acc5: 100.0000 (99.9290)  time: 20.5707  data: 0.0238
Epoch: [9]  [33/40]  eta: 0:02:24  lr: 0.0001  img/s: 6.205550934307349  loss: 0.0660 (0.0751)  acc1: 98.4375 (98.2537)  acc5: 100.0000 (99.9311)  time: 20.5782  data: 0.0238
Epoch: [9]  [34/40]  eta: 0:02:03  lr: 0.0001  img/s: 6.200567667375168  loss: 0.0660 (0.0753)  acc1: 98.4375 (98.2589)  acc5: 100.0000 (99.9330)  time: 20.5799  data: 0.0238
Epoch: [9]  [35/40]  eta: 0:01:42  lr: 0.0001  img/s: 6.204178285734149  loss: 0.0658 (0.0749)  acc1: 98.4375 (98.2422)  acc5: 100.0000 (99.9349)  time: 20.5832  data: 0.0238
Epoch: [9]  [36/40]  eta: 0:01:22  lr: 0.0001  img/s: 6.196116095400706  loss: 0.0635 (0.0745)  acc1: 98.4375 (98.2475)  acc5: 100.0000 (99.9367)  time: 20.5953  data: 0.0239
Epoch: [9]  [37/40]  eta: 0:01:01  lr: 0.0001  img/s: 6.208565777831118  loss: 0.0635 (0.0737)  acc1: 98.4375 (98.2936)  acc5: 100.0000 (99.9383)  time: 20.6040  data: 0.0239
Epoch: [9]  [38/40]  eta: 0:00:41  lr: 0.0001  img/s: 6.221038702078952  loss: 0.0623 (0.0732)  acc1: 98.4375 (98.2973)  acc5: 100.0000 (99.9399)  time: 20.6039  data: 0.0238
Epoch: [9]  [39/40]  eta: 0:00:20  lr: 0.0001  img/s: 5.640587229447272  loss: 0.0635 (0.0801)  acc1: 98.4375 (98.2800)  acc5: 100.0000 (99.9400)  time: 19.6487  data: 0.0228
Epoch: [9] Total time: 0:13:24

Epoch 10/15
Epoch: [10]  [ 0/40]  eta: 0:13:43  lr: 0.0001  img/s: 6.225675969765348  loss: 0.0692 (0.0692)  acc1: 99.2188 (99.2188)  acc5: 100.0000 (100.0000)  time: 20.5845  data: 0.0245
Epoch: [10]  [ 1/40]  eta: 0:13:23  lr: 0.0001  img/s: 6.20980705538695  loss: 0.0692 (0.0815)  acc1: 96.8750 (98.0469)  acc5: 100.0000 (100.0000)  time: 20.6104  data: 0.0241
Epoch: [10]  [ 2/40]  eta: 0:13:02  lr: 0.0001  img/s: 6.223973082414216  loss: 0.0917 (0.0849)  acc1: 96.8750 (97.6562)  acc5: 100.0000 (100.0000)  time: 20.6033  data: 0.0239
Epoch: [10]  [ 3/40]  eta: 0:12:41  lr: 0.0001  img/s: 6.24189375435221  loss: 0.0692 (0.0765)  acc1: 96.8750 (98.0469)  acc5: 100.0000 (100.0000)  time: 20.5851  data: 0.0239
Epoch: [10]  [ 4/40]  eta: 0:12:21  lr: 0.0001  img/s: 6.196689733436721  loss: 0.0917 (0.0830)  acc1: 96.8750 (97.8125)  acc5: 100.0000 (100.0000)  time: 20.6040  data: 0.0238
Epoch: [10]  [ 5/40]  eta: 0:12:02  lr: 0.0001  img/s: 6.142341658665115  loss: 0.0692 (0.0787)  acc1: 96.8750 (97.9167)  acc5: 100.0000 (100.0000)  time: 20.6471  data: 0.0237
Epoch: [10]  [ 6/40]  eta: 0:11:42  lr: 0.0001  img/s: 6.180352218580591  loss: 0.0692 (0.0751)  acc1: 97.6562 (97.8795)  acc5: 100.0000 (100.0000)  time: 20.6596  data: 0.0237
Epoch: [10]  [ 7/40]  eta: 0:11:21  lr: 0.0001  img/s: 6.241065249112091  loss: 0.0692 (0.0769)  acc1: 96.8750 (97.6562)  acc5: 100.0000 (100.0000)  time: 20.6437  data: 0.0237
Epoch: [10]  [ 8/40]  eta: 0:11:00  lr: 0.0001  img/s: 6.239259452167988  loss: 0.0692 (0.0706)  acc1: 97.6562 (97.9167)  acc5: 100.0000 (100.0000)  time: 20.6321  data: 0.0237
Epoch: [10]  [ 9/40]  eta: 0:10:39  lr: 0.0001  img/s: 6.1917885930187415  loss: 0.0692 (0.0722)  acc1: 96.8750 (97.8125)  acc5: 100.0000 (100.0000)  time: 20.6385  data: 0.0237
Epoch: [10]  [10/40]  eta: 0:10:19  lr: 0.0001  img/s: 6.2127490365059455  loss: 0.0692 (0.0710)  acc1: 97.6562 (97.9403)  acc5: 100.0000 (100.0000)  time: 20.6374  data: 0.0237
Epoch: [10]  [11/40]  eta: 0:09:58  lr: 0.0001  img/s: 6.156791905741232  loss: 0.0692 (0.0709)  acc1: 97.6562 (97.9167)  acc5: 100.0000 (100.0000)  time: 20.6521  data: 0.0237
Epoch: [10]  [12/40]  eta: 0:09:38  lr: 0.0001  img/s: 6.194811805751746  loss: 0.0692 (0.0676)  acc1: 97.6562 (98.0769)  acc5: 100.0000 (100.0000)  time: 20.6547  data: 0.0236
Epoch: [10]  [13/40]  eta: 0:09:17  lr: 0.0001  img/s: 6.227222540050611  loss: 0.0692 (0.0691)  acc1: 97.6562 (98.0469)  acc5: 100.0000 (100.0000)  time: 20.6493  data: 0.0237
Epoch: [10]  [14/40]  eta: 0:08:56  lr: 0.0001  img/s: 6.232734607402413  loss: 0.0703 (0.0726)  acc1: 97.6562 (98.0208)  acc5: 100.0000 (99.9479)  time: 20.6434  data: 0.0237
Epoch: [10]  [15/40]  eta: 0:08:36  lr: 0.0001  img/s: 6.194699655193036  loss: 0.0703 (0.0729)  acc1: 97.6562 (97.9980)  acc5: 100.0000 (99.9512)  time: 20.6460  data: 0.0237
Epoch: [10]  [16/40]  eta: 0:08:15  lr: 0.0001  img/s: 6.198171771601586  loss: 0.0703 (0.0718)  acc1: 97.6562 (98.0239)  acc5: 100.0000 (99.9540)  time: 20.6477  data: 0.0237
Epoch: [10]  [17/40]  eta: 0:07:54  lr: 0.0001  img/s: 6.2230055641250965  loss: 0.0692 (0.0702)  acc1: 97.6562 (98.0903)  acc5: 100.0000 (99.9566)  time: 20.6446  data: 0.0237
Epoch: [10]  [18/40]  eta: 0:07:34  lr: 0.0001  img/s: 6.203072490844282  loss: 0.0692 (0.0692)  acc1: 97.6562 (98.1086)  acc5: 100.0000 (99.9589)  time: 20.6454  data: 0.0236
Epoch: [10]  [19/40]  eta: 0:07:13  lr: 0.0001  img/s: 6.213306774878114  loss: 0.0648 (0.0690)  acc1: 97.6562 (98.0859)  acc5: 100.0000 (99.9219)  time: 20.6443  data: 0.0236
Epoch: [10]  [20/40]  eta: 0:06:52  lr: 0.0001  img/s: 6.210949598519425  loss: 0.0648 (0.0689)  acc1: 97.6562 (98.1027)  acc5: 100.0000 (99.9256)  time: 20.6467  data: 0.0236
Epoch: [10]  [21/40]  eta: 0:06:32  lr: 0.0001  img/s: 6.191723181647887  loss: 0.0648 (0.0703)  acc1: 97.6562 (98.0824)  acc5: 100.0000 (99.9290)  time: 20.6497  data: 0.0236
Epoch: [10]  [22/40]  eta: 0:06:11  lr: 0.0001  img/s: 6.218841478841165  loss: 0.0648 (0.0721)  acc1: 97.6562 (98.0299)  acc5: 100.0000 (99.9321)  time: 20.6506  data: 0.0236
Epoch: [10]  [23/40]  eta: 0:05:50  lr: 0.0001  img/s: 6.219183452151002  loss: 0.0648 (0.0705)  acc1: 97.6562 (98.0794)  acc5: 100.0000 (99.9349)  time: 20.6543  data: 0.0236
Epoch: [10]  [24/40]  eta: 0:05:30  lr: 0.0001  img/s: 6.191106625996192  loss: 0.0648 (0.0714)  acc1: 97.6562 (98.0625)  acc5: 100.0000 (99.9375)  time: 20.6552  data: 0.0236
Epoch: [10]  [25/40]  eta: 0:05:09  lr: 0.0001  img/s: 6.187242224849097  loss: 0.0648 (0.0701)  acc1: 97.6562 (98.1370)  acc5: 100.0000 (99.9399)  time: 20.6481  data: 0.0240
Epoch: [10]  [26/40]  eta: 0:04:49  lr: 0.0001  img/s: 6.2028387803174105  loss: 0.0648 (0.0688)  acc1: 97.6562 (98.1771)  acc5: 100.0000 (99.9421)  time: 20.6444  data: 0.0240
Epoch: [10]  [27/40]  eta: 0:04:28  lr: 0.0001  img/s: 6.232840830962456  loss: 0.0584 (0.0684)  acc1: 98.4375 (98.1864)  acc5: 100.0000 (99.9442)  time: 20.6457  data: 0.0240
Epoch: [10]  [28/40]  eta: 0:04:07  lr: 0.0001  img/s: 6.234361787806198  loss: 0.0584 (0.0677)  acc1: 98.4375 (98.2489)  acc5: 100.0000 (99.9461)  time: 20.6465  data: 0.0240
Epoch: [10]  [29/40]  eta: 0:03:47  lr: 0.0001  img/s: 6.226630308629116  loss: 0.0584 (0.0716)  acc1: 98.4375 (98.1510)  acc5: 100.0000 (99.9219)  time: 20.6407  data: 0.0240
Epoch: [10]  [30/40]  eta: 0:03:26  lr: 0.0001  img/s: 6.185694066025268  loss: 0.0648 (0.0717)  acc1: 98.4375 (98.1603)  acc5: 100.0000 (99.9244)  time: 20.6453  data: 0.0240
Epoch: [10]  [31/40]  eta: 0:03:05  lr: 0.0001  img/s: 6.2176236620208964  loss: 0.0648 (0.0720)  acc1: 98.4375 (98.1689)  acc5: 100.0000 (99.9268)  time: 20.6351  data: 0.0240
Epoch: [10]  [32/40]  eta: 0:02:45  lr: 0.0001  img/s: 6.222566597182018  loss: 0.0675 (0.0724)  acc1: 98.4375 (98.2008)  acc5: 100.0000 (99.9290)  time: 20.6305  data: 0.0241
Epoch: [10]  [33/40]  eta: 0:02:24  lr: 0.0001  img/s: 6.198901103557705  loss: 0.0675 (0.0732)  acc1: 98.4375 (98.1847)  acc5: 100.0000 (99.9311)  time: 20.6352  data: 0.0240
Epoch: [10]  [34/40]  eta: 0:02:03  lr: 0.0001  img/s: 6.200285022993113  loss: 0.0648 (0.0727)  acc1: 98.4375 (98.2143)  acc5: 100.0000 (99.9330)  time: 20.6405  data: 0.0240
Epoch: [10]  [35/40]  eta: 0:01:43  lr: 0.0001  img/s: 6.222851420961199  loss: 0.0580 (0.0719)  acc1: 98.4375 (98.2422)  acc5: 100.0000 (99.9349)  time: 20.6359  data: 0.0240
Epoch: [10]  [36/40]  eta: 0:01:22  lr: 0.0001  img/s: 6.246285934465802  loss: 0.0580 (0.0707)  acc1: 98.4375 (98.2897)  acc5: 100.0000 (99.9367)  time: 20.6279  data: 0.0240
Epoch: [10]  [37/40]  eta: 0:01:01  lr: 0.0001  img/s: 6.240119245852877  loss: 0.0580 (0.0697)  acc1: 98.4375 (98.3347)  acc5: 100.0000 (99.9383)  time: 20.6251  data: 0.0240
Epoch: [10]  [38/40]  eta: 0:00:41  lr: 0.0001  img/s: 6.19958328552136  loss: 0.0643 (0.0695)  acc1: 98.4375 (98.3373)  acc5: 100.0000 (99.9399)  time: 20.6257  data: 0.0240
Epoch: [10]  [39/40]  eta: 0:00:20  lr: 0.0001  img/s: 5.863315937340877  loss: 0.0643 (0.0742)  acc1: 98.4375 (98.3400)  acc5: 100.0000 (99.9400)  time: 19.6628  data: 0.0230
Epoch: [10] Total time: 0:13:26

Epoch 11/15
Epoch: [11]  [ 0/40]  eta: 0:13:45  lr: 0.0001  img/s: 6.209831979376272  loss: 0.0997 (0.0997)  acc1: 97.6562 (97.6562)  acc5: 100.0000 (100.0000)  time: 20.6367  data: 0.0242
Epoch: [11]  [ 1/40]  eta: 0:13:23  lr: 0.0001  img/s: 6.22357228802505  loss: 0.0782 (0.0890)  acc1: 97.6562 (97.6562)  acc5: 100.0000 (100.0000)  time: 20.6137  data: 0.0240
Epoch: [11]  [ 2/40]  eta: 0:13:04  lr: 0.0001  img/s: 6.199491507916616  loss: 0.0793 (0.0858)  acc1: 97.6562 (97.9167)  acc5: 100.0000 (100.0000)  time: 20.6327  data: 0.0239
Epoch: [11]  [ 3/40]  eta: 0:12:42  lr: 0.0001  img/s: 6.224600315587755  loss: 0.0782 (0.0727)  acc1: 97.6562 (98.4375)  acc5: 100.0000 (100.0000)  time: 20.6213  data: 0.0238
Epoch: [11]  [ 4/40]  eta: 0:12:22  lr: 0.0001  img/s: 6.19355372212023  loss: 0.0782 (0.0711)  acc1: 98.4375 (98.5938)  acc5: 100.0000 (100.0000)  time: 20.6352  data: 0.0238
Epoch: [11]  [ 5/40]  eta: 0:12:01  lr: 0.0001  img/s: 6.231978918263464  loss: 0.0782 (0.0775)  acc1: 97.6562 (98.1771)  acc5: 100.0000 (100.0000)  time: 20.6231  data: 0.0238
Epoch: [11]  [ 6/40]  eta: 0:11:40  lr: 0.0001  img/s: 6.229073339112488  loss: 0.0782 (0.0716)  acc1: 98.4375 (98.3259)  acc5: 100.0000 (100.0000)  time: 20.6160  data: 0.0239
Epoch: [11]  [ 7/40]  eta: 0:11:19  lr: 0.0001  img/s: 6.256468970142347  loss: 0.0647 (0.0689)  acc1: 98.4375 (98.3398)  acc5: 100.0000 (100.0000)  time: 20.5993  data: 0.0239
Epoch: [11]  [ 8/40]  eta: 0:10:58  lr: 0.0001  img/s: 6.259710416566248  loss: 0.0647 (0.0641)  acc1: 98.4375 (98.5243)  acc5: 100.0000 (100.0000)  time: 20.5860  data: 0.0247
Epoch: [11]  [ 9/40]  eta: 0:10:38  lr: 0.0001  img/s: 6.231666711896772  loss: 0.0647 (0.0719)  acc1: 98.4375 (98.2812)  acc5: 100.0000 (100.0000)  time: 20.5838  data: 0.0246
Epoch: [11]  [10/40]  eta: 0:10:17  lr: 0.0001  img/s: 6.223324982876525  loss: 0.0647 (0.0704)  acc1: 98.4375 (98.2955)  acc5: 100.0000 (100.0000)  time: 20.5845  data: 0.0246
Epoch: [11]  [11/40]  eta: 0:09:56  lr: 0.0001  img/s: 6.2807101220595625  loss: 0.0647 (0.0701)  acc1: 98.4375 (98.2422)  acc5: 100.0000 (100.0000)  time: 20.5695  data: 0.0246
Epoch: [11]  [12/40]  eta: 0:09:35  lr: 0.0001  img/s: 6.242451221681569  loss: 0.0647 (0.0686)  acc1: 98.4375 (98.3173)  acc5: 100.0000 (100.0000)  time: 20.5664  data: 0.0245
Epoch: [11]  [13/40]  eta: 0:09:15  lr: 0.0001  img/s: 6.254728867336898  loss: 0.0647 (0.0710)  acc1: 98.4375 (98.2143)  acc5: 100.0000 (100.0000)  time: 20.5608  data: 0.0244
Epoch: [11]  [14/40]  eta: 0:08:54  lr: 0.0001  img/s: 6.226711336568909  loss: 0.0658 (0.0728)  acc1: 98.4375 (98.1771)  acc5: 100.0000 (99.9479)  time: 20.5621  data: 0.0244
Epoch: [11]  [15/40]  eta: 0:08:33  lr: 0.0001  img/s: 6.255370186625664  loss: 0.0658 (0.0732)  acc1: 97.6562 (98.1445)  acc5: 100.0000 (99.9512)  time: 20.5574  data: 0.0244
Epoch: [11]  [16/40]  eta: 0:08:13  lr: 0.0001  img/s: 6.272077656570621  loss: 0.0725 (0.0731)  acc1: 98.4375 (98.1618)  acc5: 100.0000 (99.9540)  time: 20.5500  data: 0.0244
Epoch: [11]  [17/40]  eta: 0:07:52  lr: 0.0001  img/s: 6.233130142095783  loss: 0.0658 (0.0719)  acc1: 98.4375 (98.1771)  acc5: 100.0000 (99.9566)  time: 20.5506  data: 0.0244
Epoch: [11]  [18/40]  eta: 0:07:32  lr: 0.0001  img/s: 6.2334269346237265  loss: 0.0725 (0.0736)  acc1: 98.4375 (98.1497)  acc5: 100.0000 (99.9589)  time: 20.5514  data: 0.0247
Epoch: [11]  [19/40]  eta: 0:07:11  lr: 0.0001  img/s: 6.2641918878321965  loss: 0.0658 (0.0716)  acc1: 98.4375 (98.2422)  acc5: 100.0000 (99.9609)  time: 20.5467  data: 0.0247
Epoch: [11]  [20/40]  eta: 0:06:50  lr: 0.0001  img/s: 6.269049584178  loss: 0.0658 (0.0716)  acc1: 98.4375 (98.2515)  acc5: 100.0000 (99.9628)  time: 20.5369  data: 0.0247
Epoch: [11]  [21/40]  eta: 0:06:30  lr: 0.0001  img/s: 6.237427886942359  loss: 0.0647 (0.0708)  acc1: 98.4375 (98.2955)  acc5: 100.0000 (99.9645)  time: 20.5346  data: 0.0247
Epoch: [11]  [22/40]  eta: 0:06:09  lr: 0.0001  img/s: 6.264333174727086  loss: 0.0586 (0.0703)  acc1: 98.4375 (98.3356)  acc5: 100.0000 (99.9660)  time: 20.5239  data: 0.0247
Epoch: [11]  [23/40]  eta: 0:05:49  lr: 0.0001  img/s: 6.255524851707248  loss: 0.0586 (0.0690)  acc1: 98.4375 (98.3724)  acc5: 100.0000 (99.9674)  time: 20.5188  data: 0.0247
Epoch: [11]  [24/40]  eta: 0:05:28  lr: 0.0001  img/s: 6.238483187207723  loss: 0.0586 (0.0700)  acc1: 98.4375 (98.3750)  acc5: 100.0000 (99.9688)  time: 20.5114  data: 0.0246
Epoch: [11]  [25/40]  eta: 0:05:08  lr: 0.0001  img/s: 6.245333044466668  loss: 0.0557 (0.0694)  acc1: 98.4375 (98.4075)  acc5: 100.0000 (99.9700)  time: 20.5092  data: 0.0247
Epoch: [11]  [26/40]  eta: 0:04:47  lr: 0.0001  img/s: 6.243296866348716  loss: 0.0557 (0.0681)  acc1: 98.4375 (98.4664)  acc5: 100.0000 (99.9711)  time: 20.5068  data: 0.0246
Epoch: [11]  [27/40]  eta: 0:04:26  lr: 0.0001  img/s: 6.237001736731408  loss: 0.0586 (0.0684)  acc1: 98.4375 (98.4654)  acc5: 100.0000 (99.9721)  time: 20.5100  data: 0.0246
Epoch: [11]  [28/40]  eta: 0:04:06  lr: 0.0001  img/s: 6.2094424122875385  loss: 0.0586 (0.0678)  acc1: 98.4375 (98.4914)  acc5: 100.0000 (99.9731)  time: 20.5184  data: 0.0247
Epoch: [11]  [29/40]  eta: 0:03:45  lr: 0.0001  img/s: 6.221772199967954  loss: 0.0586 (0.0699)  acc1: 98.4375 (98.4115)  acc5: 100.0000 (99.9740)  time: 20.5200  data: 0.0247
Epoch: [11]  [30/40]  eta: 0:03:25  lr: 0.0001  img/s: 6.220331394436688  loss: 0.0586 (0.0690)  acc1: 98.4375 (98.4123)  acc5: 100.0000 (99.9748)  time: 20.5205  data: 0.0247
Epoch: [11]  [31/40]  eta: 0:03:04  lr: 0.0001  img/s: 6.236148451977829  loss: 0.0538 (0.0682)  acc1: 98.4375 (98.4619)  acc5: 100.0000 (99.9756)  time: 20.5277  data: 0.0246
Epoch: [11]  [32/40]  eta: 0:02:44  lr: 0.0001  img/s: 6.257049535592565  loss: 0.0538 (0.0670)  acc1: 98.4375 (98.5085)  acc5: 100.0000 (99.9763)  time: 20.5253  data: 0.0246
Epoch: [11]  [33/40]  eta: 0:02:23  lr: 0.0001  img/s: 6.246163991339362  loss: 0.0538 (0.0699)  acc1: 98.4375 (98.4145)  acc5: 100.0000 (99.9770)  time: 20.5268  data: 0.0247
Epoch: [11]  [34/40]  eta: 0:02:03  lr: 0.0001  img/s: 6.239328192138116  loss: 0.0536 (0.0688)  acc1: 98.4375 (98.4598)  acc5: 100.0000 (99.9777)  time: 20.5247  data: 0.0246
Epoch: [11]  [35/40]  eta: 0:01:42  lr: 0.0001  img/s: 6.284300391178804  loss: 0.0513 (0.0681)  acc1: 98.4375 (98.4592)  acc5: 100.0000 (99.9783)  time: 20.5199  data: 0.0246
Epoch: [11]  [36/40]  eta: 0:01:22  lr: 0.0001  img/s: 6.207475787509355  loss: 0.0502 (0.0675)  acc1: 98.4375 (98.4586)  acc5: 100.0000 (99.9789)  time: 20.5307  data: 0.0248
Epoch: [11]  [37/40]  eta: 0:01:01  lr: 0.0001  img/s: 6.247164894258067  loss: 0.0460 (0.0669)  acc1: 99.2188 (98.4786)  acc5: 100.0000 (99.9794)  time: 20.5284  data: 0.0248
Epoch: [11]  [38/40]  eta: 0:00:41  lr: 0.0001  img/s: 6.191911564424449  loss: 0.0452 (0.0658)  acc1: 99.2188 (98.5176)  acc5: 100.0000 (99.9800)  time: 20.5349  data: 0.0244
Epoch: [11]  [39/40]  eta: 0:00:20  lr: 0.0001  img/s: 5.9107681732995045  loss: 0.0460 (0.0710)  acc1: 99.2188 (98.5200)  acc5: 100.0000 (99.9800)  time: 19.5798  data: 0.0233
Epoch: [11] Total time: 0:13:22

Epoch 12/15
Epoch: [12]  [ 0/40]  eta: 0:13:40  lr: 0.0001  img/s: 6.253331756850812  loss: 0.0347 (0.0347)  acc1: 100.0000 (100.0000)  acc5: 100.0000 (100.0000)  time: 20.5024  data: 0.0334
Epoch: [12]  [ 1/40]  eta: 0:13:24  lr: 0.0001  img/s: 6.177286308593467  loss: 0.0347 (0.0540)  acc1: 97.6562 (98.8281)  acc5: 100.0000 (100.0000)  time: 20.6235  data: 0.0284
Epoch: [12]  [ 2/40]  eta: 0:13:04  lr: 0.0001  img/s: 6.189475184652977  loss: 0.0636 (0.0572)  acc1: 98.4375 (98.6979)  acc5: 100.0000 (100.0000)  time: 20.6503  data: 0.0268
Epoch: [12]  [ 3/40]  eta: 0:12:44  lr: 0.0001  img/s: 6.189947890820375  loss: 0.0347 (0.0496)  acc1: 98.4375 (99.0234)  acc5: 100.0000 (100.0000)  time: 20.6635  data: 0.0262
Epoch: [12]  [ 4/40]  eta: 0:12:24  lr: 0.0001  img/s: 6.194802942207353  loss: 0.0347 (0.0465)  acc1: 100.0000 (99.2188)  acc5: 100.0000 (100.0000)  time: 20.6679  data: 0.0256
Epoch: [12]  [ 5/40]  eta: 0:12:03  lr: 0.0001  img/s: 6.191815157856534  loss: 0.0347 (0.0479)  acc1: 98.4375 (99.0885)  acc5: 100.0000 (100.0000)  time: 20.6727  data: 0.0254
Epoch: [12]  [ 6/40]  eta: 0:11:42  lr: 0.0001  img/s: 6.204900713262452  loss: 0.0422 (0.0471)  acc1: 99.2188 (99.1071)  acc5: 100.0000 (100.0000)  time: 20.6698  data: 0.0251
Epoch: [12]  [ 7/40]  eta: 0:11:21  lr: 0.0001  img/s: 6.262735096845865  loss: 0.0422 (0.0493)  acc1: 98.4375 (99.0234)  acc5: 100.0000 (100.0000)  time: 20.6439  data: 0.0249
Epoch: [12]  [ 8/40]  eta: 0:11:00  lr: 0.0001  img/s: 6.214449239569603  loss: 0.0422 (0.0480)  acc1: 98.4375 (98.9583)  acc5: 100.0000 (100.0000)  time: 20.6413  data: 0.0248
Epoch: [12]  [ 9/40]  eta: 0:10:39  lr: 0.0001  img/s: 6.19827345698818  loss: 0.0422 (0.0531)  acc1: 98.4375 (98.8281)  acc5: 100.0000 (100.0000)  time: 20.6446  data: 0.0247
Epoch: [12]  [10/40]  eta: 0:10:19  lr: 0.0001  img/s: 6.212598564241484  loss: 0.0547 (0.0546)  acc1: 98.4375 (98.7926)  acc5: 100.0000 (100.0000)  time: 20.6430  data: 0.0246
Epoch: [12]  [11/40]  eta: 0:09:58  lr: 0.0001  img/s: 6.248466016826684  loss: 0.0547 (0.0563)  acc1: 98.4375 (98.5677)  acc5: 100.0000 (100.0000)  time: 20.6319  data: 0.0245
Epoch: [12]  [12/40]  eta: 0:09:37  lr: 0.0001  img/s: 6.188405154440427  loss: 0.0547 (0.0549)  acc1: 98.4375 (98.6779)  acc5: 100.0000 (100.0000)  time: 20.6377  data: 0.0245
Epoch: [12]  [13/40]  eta: 0:09:16  lr: 0.0001  img/s: 6.251584881262766  loss: 0.0547 (0.0549)  acc1: 98.4375 (98.6607)  acc5: 100.0000 (100.0000)  time: 20.6277  data: 0.0244
Epoch: [12]  [14/40]  eta: 0:08:56  lr: 0.0001  img/s: 6.240279105415136  loss: 0.0557 (0.0590)  acc1: 98.4375 (98.6458)  acc5: 100.0000 (99.9479)  time: 20.6216  data: 0.0243
Epoch: [12]  [15/40]  eta: 0:08:35  lr: 0.0001  img/s: 6.180227642698701  loss: 0.0557 (0.0592)  acc1: 98.4375 (98.6328)  acc5: 100.0000 (99.9512)  time: 20.6286  data: 0.0243
Epoch: [12]  [16/40]  eta: 0:08:15  lr: 0.0001  img/s: 6.200946667548637  loss: 0.0616 (0.0601)  acc1: 98.4375 (98.6673)  acc5: 100.0000 (99.9540)  time: 20.6308  data: 0.0242
Epoch: [12]  [17/40]  eta: 0:07:54  lr: 0.0001  img/s: 6.196976628052374  loss: 0.0557 (0.0584)  acc1: 98.4375 (98.6979)  acc5: 100.0000 (99.9566)  time: 20.6335  data: 0.0242
Epoch: [12]  [18/40]  eta: 0:07:33  lr: 0.0001  img/s: 6.211254558488169  loss: 0.0557 (0.0579)  acc1: 98.4375 (98.7253)  acc5: 100.0000 (99.9589)  time: 20.6334  data: 0.0242
Epoch: [12]  [19/40]  eta: 0:07:13  lr: 0.0001  img/s: 6.248573504547704  loss: 0.0557 (0.0583)  acc1: 98.4375 (98.7500)  acc5: 100.0000 (99.9609)  time: 20.6271  data: 0.0241
Epoch: [12]  [20/40]  eta: 0:06:52  lr: 0.0001  img/s: 6.200870892455538  loss: 0.0586 (0.0583)  acc1: 98.4375 (98.7723)  acc5: 100.0000 (99.9628)  time: 20.6353  data: 0.0237
Epoch: [12]  [21/40]  eta: 0:06:31  lr: 0.0001  img/s: 6.21637789029181  loss: 0.0557 (0.0572)  acc1: 98.4375 (98.7926)  acc5: 100.0000 (99.9645)  time: 20.6288  data: 0.0237
Epoch: [12]  [22/40]  eta: 0:06:11  lr: 0.0001  img/s: 6.190569141074779  loss: 0.0547 (0.0561)  acc1: 99.2188 (98.8451)  acc5: 100.0000 (99.9660)  time: 20.6287  data: 0.0237
Epoch: [12]  [23/40]  eta: 0:05:50  lr: 0.0001  img/s: 6.2212414168521555  loss: 0.0547 (0.0554)  acc1: 99.2188 (98.8607)  acc5: 100.0000 (99.9674)  time: 20.6235  data: 0.0238
Epoch: [12]  [24/40]  eta: 0:05:30  lr: 0.0001  img/s: 6.22755431109594  loss: 0.0557 (0.0560)  acc1: 98.4375 (98.8125)  acc5: 100.0000 (99.9688)  time: 20.6181  data: 0.0238
Epoch: [12]  [25/40]  eta: 0:05:09  lr: 0.0001  img/s: 6.192977592687678  loss: 0.0586 (0.0565)  acc1: 98.4375 (98.7981)  acc5: 100.0000 (99.9700)  time: 20.6179  data: 0.0238
Epoch: [12]  [26/40]  eta: 0:04:48  lr: 0.0001  img/s: 6.2346707165305695  loss: 0.0586 (0.0559)  acc1: 98.4375 (98.8137)  acc5: 100.0000 (99.9711)  time: 20.6129  data: 0.0238
Epoch: [12]  [27/40]  eta: 0:04:28  lr: 0.0001  img/s: 6.215146144305245  loss: 0.0557 (0.0552)  acc1: 99.2188 (98.8281)  acc5: 100.0000 (99.9721)  time: 20.6207  data: 0.0238
Epoch: [12]  [28/40]  eta: 0:04:07  lr: 0.0001  img/s: 6.255576165469176  loss: 0.0557 (0.0550)  acc1: 99.2188 (98.8685)  acc5: 100.0000 (99.9731)  time: 20.6139  data: 0.0237
Epoch: [12]  [29/40]  eta: 0:03:46  lr: 0.0001  img/s: 6.2425275809032215  loss: 0.0557 (0.0562)  acc1: 99.2188 (98.8281)  acc5: 100.0000 (99.9479)  time: 20.6066  data: 0.0237
Epoch: [12]  [30/40]  eta: 0:03:26  lr: 0.0001  img/s: 6.194197636438863  loss: 0.0497 (0.0556)  acc1: 99.2188 (98.8155)  acc5: 100.0000 (99.9496)  time: 20.6097  data: 0.0237
Epoch: [12]  [31/40]  eta: 0:03:05  lr: 0.0001  img/s: 6.199286915205915  loss: 0.0497 (0.0564)  acc1: 99.2188 (98.7793)  acc5: 100.0000 (99.9512)  time: 20.6178  data: 0.0237
Epoch: [12]  [32/40]  eta: 0:02:44  lr: 0.0001  img/s: 6.221432032694267  loss: 0.0557 (0.0572)  acc1: 99.2188 (98.7453)  acc5: 100.0000 (99.9527)  time: 20.6123  data: 0.0237
Epoch: [12]  [33/40]  eta: 0:02:24  lr: 0.0001  img/s: 6.208367765101953  loss: 0.0586 (0.0572)  acc1: 99.2188 (98.7362)  acc5: 100.0000 (99.9540)  time: 20.6194  data: 0.0237
Epoch: [12]  [34/40]  eta: 0:02:03  lr: 0.0001  img/s: 6.189048783425196  loss: 0.0586 (0.0573)  acc1: 99.2188 (98.7500)  acc5: 100.0000 (99.9554)  time: 20.6279  data: 0.0237
Epoch: [12]  [35/40]  eta: 0:01:43  lr: 0.0001  img/s: 6.2189065999935345  loss: 0.0497 (0.0567)  acc1: 99.2188 (98.7630)  acc5: 100.0000 (99.9566)  time: 20.6215  data: 0.0238
Epoch: [12]  [36/40]  eta: 0:01:22  lr: 0.0001  img/s: 6.218024194694442  loss: 0.0497 (0.0576)  acc1: 99.2188 (98.7331)  acc5: 100.0000 (99.9578)  time: 20.6187  data: 0.0238
Epoch: [12]  [37/40]  eta: 0:01:01  lr: 0.0001  img/s: 6.227531411762629  loss: 0.0497 (0.0571)  acc1: 99.2188 (98.7459)  acc5: 100.0000 (99.9589)  time: 20.6136  data: 0.0238
Epoch: [12]  [38/40]  eta: 0:00:41  lr: 0.0001  img/s: 6.232023335705399  loss: 0.0487 (0.0565)  acc1: 99.2188 (98.7780)  acc5: 100.0000 (99.9599)  time: 20.6102  data: 0.0238
Epoch: [12]  [39/40]  eta: 0:00:20  lr: 0.0001  img/s: 5.887096714767222  loss: 0.0487 (0.0617)  acc1: 99.2188 (98.7800)  acc5: 100.0000 (99.9600)  time: 19.6528  data: 0.0227
Epoch: [12] Total time: 0:13:25

Epoch 13/15
Epoch: [13]  [ 0/40]  eta: 0:13:44  lr: 0.0001  img/s: 6.215294509436194  loss: 0.0430 (0.0430)  acc1: 99.2188 (99.2188)  acc5: 100.0000 (100.0000)  time: 20.6185  data: 0.0242
Epoch: [13]  [ 1/40]  eta: 0:13:24  lr: 0.0001  img/s: 6.203234615023318  loss: 0.0252 (0.0341)  acc1: 99.2188 (99.6094)  acc5: 100.0000 (100.0000)  time: 20.6383  data: 0.0239
Epoch: [13]  [ 2/40]  eta: 0:13:04  lr: 0.0001  img/s: 6.21015399807004  loss: 0.0430 (0.0467)  acc1: 99.2188 (99.4792)  acc5: 100.0000 (100.0000)  time: 20.6372  data: 0.0238
Epoch: [13]  [ 3/40]  eta: 0:12:42  lr: 0.0001  img/s: 6.237942518654684  loss: 0.0430 (0.0469)  acc1: 99.2188 (99.4141)  acc5: 100.0000 (100.0000)  time: 20.6137  data: 0.0238
Epoch: [13]  [ 4/40]  eta: 0:12:21  lr: 0.0001  img/s: 6.235270561526698  loss: 0.0477 (0.0502)  acc1: 99.2188 (99.0625)  acc5: 100.0000 (100.0000)  time: 20.6024  data: 0.0248
Epoch: [13]  [ 5/40]  eta: 0:12:02  lr: 0.0001  img/s: 6.171255893673282  loss: 0.0430 (0.0468)  acc1: 99.2188 (99.2188)  acc5: 100.0000 (100.0000)  time: 20.6296  data: 0.0247
Epoch: [13]  [ 6/40]  eta: 0:11:41  lr: 0.0001  img/s: 6.193552936156376  loss: 0.0477 (0.0516)  acc1: 99.2188 (99.1071)  acc5: 100.0000 (100.0000)  time: 20.6383  data: 0.0245
Epoch: [13]  [ 7/40]  eta: 0:11:21  lr: 0.0001  img/s: 6.203029273495102  loss: 0.0477 (0.0515)  acc1: 99.2188 (99.1211)  acc5: 100.0000 (100.0000)  time: 20.6408  data: 0.0244
Epoch: [13]  [ 8/40]  eta: 0:11:00  lr: 0.0001  img/s: 6.210363690921134  loss: 0.0477 (0.0486)  acc1: 99.2188 (99.2188)  acc5: 100.0000 (100.0000)  time: 20.6401  data: 0.0244
Epoch: [13]  [ 9/40]  eta: 0:10:39  lr: 0.0001  img/s: 6.2046292902383975  loss: 0.0477 (0.0490)  acc1: 99.2188 (99.1406)  acc5: 100.0000 (100.0000)  time: 20.6415  data: 0.0243
Epoch: [13]  [10/40]  eta: 0:10:19  lr: 0.0001  img/s: 6.161306204336555  loss: 0.0513 (0.0495)  acc1: 99.2188 (99.0767)  acc5: 100.0000 (100.0000)  time: 20.6558  data: 0.0242
Epoch: [13]  [11/40]  eta: 0:09:58  lr: 0.0001  img/s: 6.2302765581493444  loss: 0.0477 (0.0478)  acc1: 99.2188 (99.1536)  acc5: 100.0000 (100.0000)  time: 20.6485  data: 0.0242
Epoch: [13]  [12/40]  eta: 0:09:38  lr: 0.0001  img/s: 6.211779901416292  loss: 0.0477 (0.0465)  acc1: 99.2188 (99.2188)  acc5: 100.0000 (100.0000)  time: 20.6470  data: 0.0242
Epoch: [13]  [13/40]  eta: 0:09:17  lr: 0.0001  img/s: 6.244609234240784  loss: 0.0477 (0.0494)  acc1: 99.2188 (99.1629)  acc5: 100.0000 (100.0000)  time: 20.6382  data: 0.0243
Epoch: [13]  [14/40]  eta: 0:08:56  lr: 0.0001  img/s: 6.229935098870446  loss: 0.0513 (0.0559)  acc1: 99.2188 (99.0104)  acc5: 100.0000 (99.9479)  time: 20.6338  data: 0.0243
Epoch: [13]  [15/40]  eta: 0:08:35  lr: 0.0001  img/s: 6.21256786678172  loss: 0.0513 (0.0562)  acc1: 99.2188 (98.9258)  acc5: 100.0000 (99.9512)  time: 20.6333  data: 0.0243
Epoch: [13]  [16/40]  eta: 0:08:15  lr: 0.0001  img/s: 6.232649153610539  loss: 0.0518 (0.0561)  acc1: 99.2188 (98.9430)  acc5: 100.0000 (99.9540)  time: 20.6291  data: 0.0243
Epoch: [13]  [17/40]  eta: 0:07:54  lr: 0.0001  img/s: 6.209861500556171  loss: 0.0513 (0.0545)  acc1: 99.2188 (99.0017)  acc5: 100.0000 (99.9566)  time: 20.6295  data: 0.0243
Epoch: [13]  [18/40]  eta: 0:07:33  lr: 0.0001  img/s: 6.214425573308058  loss: 0.0517 (0.0543)  acc1: 99.2188 (99.0132)  acc5: 100.0000 (99.9589)  time: 20.6291  data: 0.0243
Epoch: [13]  [19/40]  eta: 0:07:13  lr: 0.0001  img/s: 6.215094556343753  loss: 0.0513 (0.0533)  acc1: 99.2188 (99.0625)  acc5: 100.0000 (99.9609)  time: 20.6285  data: 0.0242
Epoch: [13]  [20/40]  eta: 0:06:52  lr: 0.0001  img/s: 6.231502302536596  loss: 0.0517 (0.0550)  acc1: 99.2188 (98.9955)  acc5: 100.0000 (99.9628)  time: 20.6258  data: 0.0242
Epoch: [13]  [21/40]  eta: 0:06:31  lr: 0.0001  img/s: 6.200804286388915  loss: 0.0517 (0.0541)  acc1: 99.2188 (99.0057)  acc5: 100.0000 (99.9645)  time: 20.6262  data: 0.0242
Epoch: [13]  [22/40]  eta: 0:06:11  lr: 0.0001  img/s: 6.23175590019016  loss: 0.0517 (0.0544)  acc1: 99.2188 (98.9470)  acc5: 100.0000 (99.9660)  time: 20.6227  data: 0.0242
Epoch: [13]  [23/40]  eta: 0:05:50  lr: 0.0001  img/s: 6.1716230891676  loss: 0.0517 (0.0534)  acc1: 99.2188 (98.9583)  acc5: 100.0000 (99.9674)  time: 20.6337  data: 0.0242
Epoch: [13]  [24/40]  eta: 0:05:30  lr: 0.0001  img/s: 6.182344834457395  loss: 0.0513 (0.0532)  acc1: 99.2188 (98.9375)  acc5: 100.0000 (99.9688)  time: 20.6422  data: 0.0240
Epoch: [13]  [25/40]  eta: 0:05:09  lr: 0.0001  img/s: 6.2268851710020945  loss: 0.0517 (0.0538)  acc1: 98.4375 (98.9183)  acc5: 100.0000 (99.9700)  time: 20.6330  data: 0.0240
Epoch: [13]  [26/40]  eta: 0:04:48  lr: 0.0001  img/s: 6.227292748609629  loss: 0.0513 (0.0528)  acc1: 99.2188 (98.9583)  acc5: 100.0000 (99.9711)  time: 20.6274  data: 0.0240
Epoch: [13]  [27/40]  eta: 0:04:28  lr: 0.0001  img/s: 6.184004073808135  loss: 0.0517 (0.0529)  acc1: 98.4375 (98.9397)  acc5: 100.0000 (99.9721)  time: 20.6306  data: 0.0241
Epoch: [13]  [28/40]  eta: 0:04:07  lr: 0.0001  img/s: 6.172571785185163  loss: 0.0517 (0.0525)  acc1: 98.4375 (98.9494)  acc5: 100.0000 (99.9731)  time: 20.6370  data: 0.0241
Epoch: [13]  [29/40]  eta: 0:03:47  lr: 0.0001  img/s: 6.1766728378066365  loss: 0.0517 (0.0532)  acc1: 98.4375 (98.9323)  acc5: 100.0000 (99.9479)  time: 20.6417  data: 0.0241
Epoch: [13]  [30/40]  eta: 0:03:26  lr: 0.0001  img/s: 6.19004780776786  loss: 0.0473 (0.0527)  acc1: 99.2188 (98.9415)  acc5: 100.0000 (99.9496)  time: 20.6368  data: 0.0241
Epoch: [13]  [31/40]  eta: 0:03:05  lr: 0.0001  img/s: 6.210044523770137  loss: 0.0517 (0.0541)  acc1: 98.4375 (98.8525)  acc5: 100.0000 (99.9512)  time: 20.6403  data: 0.0241
Epoch: [13]  [32/40]  eta: 0:02:45  lr: 0.0001  img/s: 6.189999847230506  loss: 0.0541 (0.0542)  acc1: 98.4375 (98.8636)  acc5: 100.0000 (99.9527)  time: 20.6439  data: 0.0241
Epoch: [13]  [33/40]  eta: 0:02:24  lr: 0.0001  img/s: 6.233640735390708  loss: 0.0541 (0.0562)  acc1: 98.4375 (98.8051)  acc5: 100.0000 (99.9540)  time: 20.6456  data: 0.0240
Epoch: [13]  [34/40]  eta: 0:02:03  lr: 0.0001  img/s: 6.128624550380988  loss: 0.0522 (0.0561)  acc1: 99.2188 (98.8170)  acc5: 100.0000 (99.9554)  time: 20.6625  data: 0.0239
Epoch: [13]  [35/40]  eta: 0:01:43  lr: 0.0001  img/s: 6.1667558381086165  loss: 0.0517 (0.0556)  acc1: 99.2188 (98.8281)  acc5: 100.0000 (99.9566)  time: 20.6702  data: 0.0239
Epoch: [13]  [36/40]  eta: 0:01:22  lr: 0.0001  img/s: 6.217320812351971  loss: 0.0473 (0.0548)  acc1: 99.2188 (98.8598)  acc5: 100.0000 (99.9578)  time: 20.6727  data: 0.0239
Epoch: [13]  [37/40]  eta: 0:01:01  lr: 0.0001  img/s: 6.221669453706086  loss: 0.0517 (0.0549)  acc1: 99.2188 (98.8692)  acc5: 100.0000 (99.9589)  time: 20.6707  data: 0.0239
Epoch: [13]  [38/40]  eta: 0:00:41  lr: 0.0001  img/s: 6.192119170093431  loss: 0.0522 (0.0549)  acc1: 99.2188 (98.8782)  acc5: 100.0000 (99.9599)  time: 20.6747  data: 0.0241
Epoch: [13]  [39/40]  eta: 0:00:20  lr: 0.0001  img/s: 5.719182450718408  loss: 0.0531 (0.0639)  acc1: 99.2188 (98.8600)  acc5: 100.0000 (99.9600)  time: 19.7138  data: 0.0230
Epoch: [13] Total time: 0:13:26

Epoch 14/15
Epoch: [14]  [ 0/40]  eta: 0:13:51  lr: 0.0001  img/s: 6.168673210349285  loss: 0.0483 (0.0483)  acc1: 99.2188 (99.2188)  acc5: 100.0000 (100.0000)  time: 20.7754  data: 0.0254
Epoch: [14]  [ 1/40]  eta: 0:13:30  lr: 0.0001  img/s: 6.163805797060584  loss: 0.0293 (0.0388)  acc1: 99.2188 (99.6094)  acc5: 100.0000 (100.0000)  time: 20.7826  data: 0.0244
Epoch: [14]  [ 2/40]  eta: 0:13:07  lr: 0.0001  img/s: 6.209311274777177  loss: 0.0483 (0.0426)  acc1: 99.2188 (99.4792)  acc5: 100.0000 (100.0000)  time: 20.7344  data: 0.0242
Epoch: [14]  [ 3/40]  eta: 0:12:47  lr: 0.0001  img/s: 6.171883401621085  loss: 0.0434 (0.0428)  acc1: 99.2188 (99.4141)  acc5: 100.0000 (100.0000)  time: 20.7416  data: 0.0241
Epoch: [14]  [ 4/40]  eta: 0:12:26  lr: 0.0001  img/s: 6.165949919896882  loss: 0.0434 (0.0418)  acc1: 99.2188 (99.3750)  acc5: 100.0000 (100.0000)  time: 20.7499  data: 0.0241
Epoch: [14]  [ 5/40]  eta: 0:12:05  lr: 0.0001  img/s: 6.211354661443277  loss: 0.0434 (0.0458)  acc1: 99.2188 (99.0885)  acc5: 100.0000 (100.0000)  time: 20.7302  data: 0.0241
Epoch: [14]  [ 6/40]  eta: 0:11:45  lr: 0.0001  img/s: 6.165126159049673  loss: 0.0434 (0.0431)  acc1: 99.2188 (99.2188)  acc5: 100.0000 (100.0000)  time: 20.7381  data: 0.0240
Epoch: [14]  [ 7/40]  eta: 0:11:24  lr: 0.0001  img/s: 6.16998282424597  loss: 0.0434 (0.0435)  acc1: 99.2188 (99.2188)  acc5: 100.0000 (100.0000)  time: 20.7424  data: 0.0244
Epoch: [14]  [ 8/40]  eta: 0:11:03  lr: 0.0001  img/s: 6.182754505447101  loss: 0.0434 (0.0424)  acc1: 99.2188 (99.2188)  acc5: 100.0000 (100.0000)  time: 20.7407  data: 0.0244
Epoch: [14]  [ 9/40]  eta: 0:10:42  lr: 0.0001  img/s: 6.178920716894917  loss: 0.0434 (0.0455)  acc1: 99.2188 (98.9844)  acc5: 100.0000 (100.0000)  time: 20.7406  data: 0.0243
Epoch: [14]  [10/40]  eta: 0:10:21  lr: 0.0001  img/s: 6.232374429396019  loss: 0.0463 (0.0459)  acc1: 99.2188 (99.0057)  acc5: 100.0000 (100.0000)  time: 20.7244  data: 0.0244
Epoch: [14]  [11/40]  eta: 0:10:00  lr: 0.0001  img/s: 6.235749999152106  loss: 0.0434 (0.0447)  acc1: 99.2188 (99.0234)  acc5: 100.0000 (100.0000)  time: 20.7099  data: 0.0243
Epoch: [14]  [12/40]  eta: 0:09:39  lr: 0.0001  img/s: 6.219642693504912  loss: 0.0463 (0.0454)  acc1: 99.2188 (98.9784)  acc5: 100.0000 (100.0000)  time: 20.7018  data: 0.0243
Epoch: [14]  [13/40]  eta: 0:09:18  lr: 0.0001  img/s: 6.197270989080091  loss: 0.0463 (0.0503)  acc1: 99.2188 (98.9397)  acc5: 100.0000 (99.9442)  time: 20.7001  data: 0.0242
Epoch: [14]  [14/40]  eta: 0:08:58  lr: 0.0001  img/s: 6.1948391828272475  loss: 0.0483 (0.0527)  acc1: 99.2188 (98.9583)  acc5: 100.0000 (99.8958)  time: 20.6992  data: 0.0242
Epoch: [14]  [15/40]  eta: 0:08:37  lr: 0.0001  img/s: 6.17155313704317  loss: 0.0463 (0.0519)  acc1: 99.2188 (98.9746)  acc5: 100.0000 (99.9023)  time: 20.7032  data: 0.0242
Epoch: [14]  [16/40]  eta: 0:08:16  lr: 0.0001  img/s: 6.232588302677433  loss: 0.0483 (0.0537)  acc1: 99.2188 (98.8971)  acc5: 100.0000 (99.9081)  time: 20.6949  data: 0.0242
Epoch: [14]  [17/40]  eta: 0:07:55  lr: 0.0001  img/s: 6.22625949911186  loss: 0.0463 (0.0525)  acc1: 99.2188 (98.9583)  acc5: 100.0000 (99.9132)  time: 20.6887  data: 0.0243
Epoch: [14]  [18/40]  eta: 0:07:35  lr: 0.0001  img/s: 6.168930651292247  loss: 0.0463 (0.0518)  acc1: 99.2188 (99.0132)  acc5: 100.0000 (99.9178)  time: 20.6931  data: 0.0243
Epoch: [14]  [19/40]  eta: 0:07:14  lr: 0.0001  img/s: 6.197617104715366  loss: 0.0434 (0.0512)  acc1: 99.2188 (99.0234)  acc5: 100.0000 (99.9219)  time: 20.6923  data: 0.0242
Epoch: [14]  [20/40]  eta: 0:06:53  lr: 0.0001  img/s: 6.217807575147648  loss: 0.0434 (0.0521)  acc1: 99.2188 (99.0327)  acc5: 100.0000 (99.9256)  time: 20.6840  data: 0.0241
Epoch: [14]  [21/40]  eta: 0:06:33  lr: 0.0001  img/s: 6.207033913526096  loss: 0.0463 (0.0522)  acc1: 99.2188 (99.0412)  acc5: 100.0000 (99.9290)  time: 20.6768  data: 0.0242
Epoch: [14]  [22/40]  eta: 0:06:12  lr: 0.0001  img/s: 6.121100884628521  loss: 0.0463 (0.0545)  acc1: 99.2188 (98.9810)  acc5: 100.0000 (99.9321)  time: 20.6917  data: 0.0242
Epoch: [14]  [23/40]  eta: 0:05:51  lr: 0.0001  img/s: 6.149801778137014  loss: 0.0463 (0.0534)  acc1: 99.2188 (99.0234)  acc5: 100.0000 (99.9349)  time: 20.6954  data: 0.0242
Epoch: [14]  [24/40]  eta: 0:05:31  lr: 0.0001  img/s: 6.16746397912263  loss: 0.0463 (0.0528)  acc1: 99.2188 (99.0312)  acc5: 100.0000 (99.9375)  time: 20.6951  data: 0.0242
Epoch: [14]  [25/40]  eta: 0:05:10  lr: 0.0001  img/s: 6.17015705124481  loss: 0.0463 (0.0534)  acc1: 99.2188 (98.9784)  acc5: 100.0000 (99.9399)  time: 20.7022  data: 0.0243
Epoch: [14]  [26/40]  eta: 0:04:49  lr: 0.0001  img/s: 6.173859909817202  loss: 0.0463 (0.0529)  acc1: 99.2188 (99.0162)  acc5: 100.0000 (99.9421)  time: 20.7007  data: 0.0243
Epoch: [14]  [27/40]  eta: 0:04:29  lr: 0.0001  img/s: 6.174050757264951  loss: 0.0438 (0.0526)  acc1: 99.2188 (99.0234)  acc5: 100.0000 (99.9442)  time: 20.6999  data: 0.0242
Epoch: [14]  [28/40]  eta: 0:04:08  lr: 0.0001  img/s: 6.178811203209427  loss: 0.0438 (0.0517)  acc1: 99.2188 (99.0571)  acc5: 100.0000 (99.9461)  time: 20.7005  data: 0.0242
Epoch: [14]  [29/40]  eta: 0:03:47  lr: 0.0001  img/s: 6.199464805582495  loss: 0.0438 (0.0545)  acc1: 99.2188 (98.9844)  acc5: 100.0000 (99.9479)  time: 20.6971  data: 0.0242
Epoch: [14]  [30/40]  eta: 0:03:27  lr: 0.0001  img/s: 6.20425930396943  loss: 0.0405 (0.0538)  acc1: 99.2188 (99.0171)  acc5: 100.0000 (99.9496)  time: 20.7017  data: 0.0241
Epoch: [14]  [31/40]  eta: 0:03:06  lr: 0.0001  img/s: 6.186597331845304  loss: 0.0438 (0.0539)  acc1: 99.2188 (98.9990)  acc5: 100.0000 (99.9512)  time: 20.7099  data: 0.0241
Epoch: [14]  [32/40]  eta: 0:02:45  lr: 0.0001  img/s: 6.202642135977115  loss: 0.0438 (0.0547)  acc1: 99.2188 (98.9347)  acc5: 100.0000 (99.9527)  time: 20.7127  data: 0.0241
Epoch: [14]  [33/40]  eta: 0:02:24  lr: 0.0001  img/s: 6.196401292009858  loss: 0.0438 (0.0549)  acc1: 99.2188 (98.9200)  acc5: 100.0000 (99.9540)  time: 20.7128  data: 0.0241
Epoch: [14]  [34/40]  eta: 0:02:04  lr: 0.0001  img/s: 6.178497332894297  loss: 0.0405 (0.0545)  acc1: 99.2188 (98.9509)  acc5: 100.0000 (99.9554)  time: 20.7156  data: 0.0241
Epoch: [14]  [35/40]  eta: 0:01:43  lr: 0.0001  img/s: 6.192014258574417  loss: 0.0405 (0.0538)  acc1: 99.2188 (98.9800)  acc5: 100.0000 (99.9566)  time: 20.7121  data: 0.0241
Epoch: [14]  [36/40]  eta: 0:01:22  lr: 0.0001  img/s: 6.236801181508612  loss: 0.0404 (0.0532)  acc1: 99.2188 (99.0076)  acc5: 100.0000 (99.9578)  time: 20.7115  data: 0.0241
Epoch: [14]  [37/40]  eta: 0:01:02  lr: 0.0001  img/s: 6.211492856251569  loss: 0.0404 (0.0528)  acc1: 99.2188 (99.0132)  acc5: 100.0000 (99.9589)  time: 20.7138  data: 0.0240
Epoch: [14]  [38/40]  eta: 0:00:41  lr: 0.0001  img/s: 6.219869889584203  loss: 0.0405 (0.0525)  acc1: 99.2188 (99.0184)  acc5: 100.0000 (99.9599)  time: 20.7054  data: 0.0241
Epoch: [14]  [39/40]  eta: 0:00:20  lr: 0.0001  img/s: 5.81645922013231  loss: 0.0411 (0.0581)  acc1: 99.2188 (99.0200)  acc5: 100.0000 (99.9600)  time: 19.7404  data: 0.0230
Epoch: [14] Total time: 0:13:28

Epoch 15/15
Epoch: [15]  [ 0/40]  eta: 0:13:50  lr: 0.0001  img/s: 6.175239985599605  loss: 0.0929 (0.0929)  acc1: 96.8750 (96.8750)  acc5: 100.0000 (100.0000)  time: 20.7532  data: 0.0252
Epoch: [15]  [ 1/40]  eta: 0:13:33  lr: 0.0001  img/s: 6.11028766537182  loss: 0.0481 (0.0705)  acc1: 96.8750 (98.0469)  acc5: 100.0000 (100.0000)  time: 20.8637  data: 0.0256
Epoch: [15]  [ 2/40]  eta: 0:13:10  lr: 0.0001  img/s: 6.207529402291679  loss: 0.0868 (0.0759)  acc1: 97.6562 (97.9167)  acc5: 100.0000 (100.0000)  time: 20.7907  data: 0.0252
Epoch: [15]  [ 3/40]  eta: 0:12:50  lr: 0.0001  img/s: 6.1371115754641785  loss: 0.0481 (0.0641)  acc1: 97.6562 (98.4375)  acc5: 100.0000 (100.0000)  time: 20.8132  data: 0.0249
Epoch: [15]  [ 4/40]  eta: 0:12:29  lr: 0.0001  img/s: 6.164106428024481  loss: 0.0501 (0.0613)  acc1: 98.4375 (98.4375)  acc5: 100.0000 (100.0000)  time: 20.8084  data: 0.0247
Epoch: [15]  [ 5/40]  eta: 0:12:08  lr: 0.0001  img/s: 6.128295961068636  loss: 0.0501 (0.0681)  acc1: 97.6562 (98.3073)  acc5: 100.0000 (100.0000)  time: 20.8254  data: 0.0245
Epoch: [15]  [ 6/40]  eta: 0:11:47  lr: 0.0001  img/s: 6.203584121079446  loss: 0.0501 (0.0625)  acc1: 98.4375 (98.5491)  acc5: 100.0000 (100.0000)  time: 20.8013  data: 0.0244
Epoch: [15]  [ 7/40]  eta: 0:11:25  lr: 0.0001  img/s: 6.230903109998424  loss: 0.0501 (0.0634)  acc1: 98.4375 (98.6328)  acc5: 100.0000 (100.0000)  time: 20.7720  data: 0.0243
Epoch: [15]  [ 8/40]  eta: 0:11:04  lr: 0.0001  img/s: 6.224743647307252  loss: 0.0501 (0.0602)  acc1: 99.2188 (98.6979)  acc5: 100.0000 (100.0000)  time: 20.7516  data: 0.0244
Epoch: [15]  [ 9/40]  eta: 0:10:43  lr: 0.0001  img/s: 6.198892800903534  loss: 0.0501 (0.0657)  acc1: 98.4375 (98.5938)  acc5: 100.0000 (100.0000)  time: 20.7437  data: 0.0243
Epoch: [15]  [10/40]  eta: 0:10:22  lr: 0.0001  img/s: 6.154559037433049  loss: 0.0501 (0.0628)  acc1: 99.2188 (98.7216)  acc5: 100.0000 (100.0000)  time: 20.7507  data: 0.0243
Epoch: [15]  [11/40]  eta: 0:10:01  lr: 0.0001  img/s: 6.178390109473793  loss: 0.0481 (0.0603)  acc1: 99.2188 (98.8281)  acc5: 100.0000 (100.0000)  time: 20.7499  data: 0.0242
Epoch: [15]  [12/40]  eta: 0:09:40  lr: 0.0001  img/s: 6.211717085559902  loss: 0.0481 (0.0587)  acc1: 99.2188 (98.9183)  acc5: 100.0000 (100.0000)  time: 20.7407  data: 0.0242
Epoch: [15]  [13/40]  eta: 0:09:19  lr: 0.0001  img/s: 6.203982631836429  loss: 0.0481 (0.0606)  acc1: 99.2188 (98.9397)  acc5: 100.0000 (100.0000)  time: 20.7347  data: 0.0242
Epoch: [15]  [14/40]  eta: 0:08:59  lr: 0.0001  img/s: 6.182548239214128  loss: 0.0501 (0.0664)  acc1: 99.2188 (98.8542)  acc5: 100.0000 (99.9479)  time: 20.7341  data: 0.0242
Epoch: [15]  [15/40]  eta: 0:08:38  lr: 0.0001  img/s: 6.198441842730695  loss: 0.0501 (0.0666)  acc1: 99.2188 (98.8281)  acc5: 100.0000 (99.9512)  time: 20.7304  data: 0.0242
Epoch: [15]  [16/40]  eta: 0:08:17  lr: 0.0001  img/s: 6.197991522595386  loss: 0.0501 (0.0648)  acc1: 99.2188 (98.8971)  acc5: 100.0000 (99.9540)  time: 20.7276  data: 0.0245
Epoch: [15]  [17/40]  eta: 0:07:56  lr: 0.0001  img/s: 6.198119677917678  loss: 0.0501 (0.0640)  acc1: 99.2188 (98.8715)  acc5: 100.0000 (99.9566)  time: 20.7247  data: 0.0245
Epoch: [15]  [18/40]  eta: 0:07:35  lr: 0.0001  img/s: 6.20120881495363  loss: 0.0504 (0.0636)  acc1: 99.2188 (98.8898)  acc5: 100.0000 (99.9589)  time: 20.7215  data: 0.0245
Epoch: [15]  [19/40]  eta: 0:07:15  lr: 0.0001  img/s: 6.195211906824642  loss: 0.0504 (0.0633)  acc1: 99.2188 (98.8281)  acc5: 100.0000 (99.9609)  time: 20.7197  data: 0.0244
Epoch: [15]  [20/40]  eta: 0:06:54  lr: 0.0001  img/s: 6.192835791551718  loss: 0.0504 (0.0661)  acc1: 99.2188 (98.7351)  acc5: 100.0000 (99.9628)  time: 20.7167  data: 0.0244
Epoch: [15]  [21/40]  eta: 0:06:33  lr: 0.0001  img/s: 6.2126872075552315  loss: 0.0532 (0.0655)  acc1: 98.4375 (98.7216)  acc5: 100.0000 (99.9645)  time: 20.6993  data: 0.0243
Epoch: [15]  [22/40]  eta: 0:06:12  lr: 0.0001  img/s: 6.196592248244434  loss: 0.0532 (0.0669)  acc1: 98.4375 (98.7092)  acc5: 100.0000 (99.9660)  time: 20.7011  data: 0.0242
Epoch: [15]  [23/40]  eta: 0:05:52  lr: 0.0001  img/s: 6.206401605627251  loss: 0.0532 (0.0652)  acc1: 98.4375 (98.7630)  acc5: 100.0000 (99.9674)  time: 20.6895  data: 0.0242
Epoch: [15]  [24/40]  eta: 0:05:31  lr: 0.0001  img/s: 6.221718266770166  loss: 0.0532 (0.0646)  acc1: 99.2188 (98.7812)  acc5: 100.0000 (99.9688)  time: 20.6799  data: 0.0242
Epoch: [15]  [25/40]  eta: 0:05:10  lr: 0.0001  img/s: 6.221406871310706  loss: 0.0532 (0.0650)  acc1: 99.2188 (98.7079)  acc5: 100.0000 (99.9700)  time: 20.6643  data: 0.0243
Epoch: [15]  [26/40]  eta: 0:04:49  lr: 0.0001  img/s: 6.204050453299834  loss: 0.0532 (0.0638)  acc1: 99.2188 (98.7269)  acc5: 100.0000 (99.9711)  time: 20.6642  data: 0.0243
Epoch: [15]  [27/40]  eta: 0:04:29  lr: 0.0001  img/s: 6.189532199578024  loss: 0.0532 (0.0648)  acc1: 98.4375 (98.6886)  acc5: 100.0000 (99.9721)  time: 20.6711  data: 0.0243
Epoch: [15]  [28/40]  eta: 0:04:08  lr: 0.0001  img/s: 6.200775137732464  loss: 0.0532 (0.0641)  acc1: 98.4375 (98.7069)  acc5: 100.0000 (99.9731)  time: 20.6750  data: 0.0242
Epoch: [15]  [29/40]  eta: 0:03:47  lr: 0.0001  img/s: 6.175790654177741  loss: 0.0532 (0.0660)  acc1: 98.4375 (98.6458)  acc5: 100.0000 (99.9479)  time: 20.6789  data: 0.0242
Epoch: [15]  [30/40]  eta: 0:03:26  lr: 0.0001  img/s: 6.23635302198225  loss: 0.0532 (0.0649)  acc1: 98.4375 (98.6895)  acc5: 100.0000 (99.9496)  time: 20.6652  data: 0.0242
Epoch: [15]  [31/40]  eta: 0:03:06  lr: 0.0001  img/s: 6.209713969288068  loss: 0.0565 (0.0657)  acc1: 98.4375 (98.6328)  acc5: 100.0000 (99.9512)  time: 20.6600  data: 0.0242
Epoch: [15]  [32/40]  eta: 0:02:45  lr: 0.0001  img/s: 6.232985917355765  loss: 0.0573 (0.0656)  acc1: 98.4375 (98.6506)  acc5: 100.0000 (99.9527)  time: 20.6565  data: 0.0242
Epoch: [15]  [33/40]  eta: 0:02:24  lr: 0.0001  img/s: 6.2215418367586866  loss: 0.0573 (0.0657)  acc1: 98.4375 (98.6673)  acc5: 100.0000 (99.9540)  time: 20.6535  data: 0.0242
Epoch: [15]  [34/40]  eta: 0:02:04  lr: 0.0001  img/s: 6.2347200958366376  loss: 0.0565 (0.0653)  acc1: 98.4375 (98.6607)  acc5: 100.0000 (99.9554)  time: 20.6454  data: 0.0247
Epoch: [15]  [35/40]  eta: 0:01:43  lr: 0.0001  img/s: 6.1951093210440815  loss: 0.0565 (0.0654)  acc1: 98.4375 (98.6328)  acc5: 100.0000 (99.9566)  time: 20.6459  data: 0.0247
Epoch: [15]  [36/40]  eta: 0:01:22  lr: 0.0001  img/s: 6.240062600668449  loss: 0.0565 (0.0643)  acc1: 98.4375 (98.6698)  acc5: 100.0000 (99.9578)  time: 20.6386  data: 0.0244
Epoch: [15]  [37/40]  eta: 0:01:02  lr: 0.0001  img/s: 6.226598966836559  loss: 0.0573 (0.0646)  acc1: 98.4375 (98.6637)  acc5: 100.0000 (99.9589)  time: 20.6339  data: 0.0244
Epoch: [15]  [38/40]  eta: 0:00:41  lr: 0.0001  img/s: 6.222523107772672  loss: 0.0565 (0.0639)  acc1: 98.4375 (98.6779)  acc5: 100.0000 (99.9599)  time: 20.6304  data: 0.0244
Epoch: [15]  [39/40]  eta: 0:00:20  lr: 0.0001  img/s: 5.759146049473026  loss: 0.0643 (0.0694)  acc1: 98.4375 (98.6800)  acc5: 100.0000 (99.9600)  time: 19.6657  data: 0.0233
Epoch: [15] Total time: 0:13:27
